[NX CLOUD] Verifying current cloud bundle
[NX CLOUD] A local bundle currently exists:  {
  version: '2407.29.8',
  fullPath: '/Users/ngoctrong/Documents/ntrong2009/personal-website/.nx/cache/cloud/2407.29.8'
}
[NX CLOUD] Last verification was within the past 30 minutes, will not verify this time
[NX CLOUD] Done:  /Users/ngoctrong/Documents/ntrong2009/personal-website/.nx/cache/cloud/2407.29.8

 NX   Running target build for project resume:

- resume



> nx run resume:build:development

- Generating browser application bundles (phase: setup)...
    TypeScript compiler options "target" and "useDefineForClassFields" are set to "ES2022" and "false" respectively by the Angular CLI. To control ECMA version and features use the Browserslist configuration. For more information, see https://angular.dev/tools/cli/build#configuring-browser-compatibility
    NOTE: You can set the "target" to "ES2022" in the project's tsconfig to remove this warning.
[ Module Federation Manifest Plugin ]: Manifest will use absolute path resolution via its host at runtime, reason: publicPath='auto'
    [webpack.cache.PackFileCacheStrategy] No pack exists at /Users/ngoctrong/Documents/ntrong2009/personal-website/.angular/cache/18.1.2/angular-webpack/eee3507bff63c67030e1914417335b085b4c6fe6.pack: Error: ENOENT: no such file or directory, stat '/Users/ngoctrong/Documents/ntrong2009/personal-website/.angular/cache/18.1.2/angular-webpack/eee3507bff63c67030e1914417335b085b4c6fe6/index.pack'
<t> [webpack.cache.PackFileCacheStrategy] restore cache container: 7.787958 ms
    [IdleFileCachePlugin] Initial cache was generated and cache will be persisted in 5s.
✔ Browser application bundle generation complete.
    [webpack.cache.PackFileCacheStrategy] Pack got invalid because of write to: Compilation/modules|container entry (default) [["./Module",{"import":["apps/resume/src/app/app.module.ts"],"name":"__federation_expose_Module"}]]
asset node_modules_angular_core_fesm2022_core_mjs.js 1.49 MiB {node_modules_angular_core_fesm2022_core_mjs} [emitted] [javascript module] 1 related asset
asset default-node_modules_angular_router_fesm2022_router_mjs.js 353 KiB {default-node_modules_angular_router_fesm2022_router_mjs} [emitted] [javascript module] (id hint: default) 1 related asset
asset default-node_modules_angular_common_fesm2022_common_mjs.js 311 KiB {default-node_modules_angular_common_fesm2022_common_mjs} [emitted] [javascript module] (id hint: default) 1 related asset
asset polyfills.js 297 KiB {polyfills} [emitted] [javascript module] (name: polyfills) 1 related asset
asset remoteEntry.mjs 186 KiB {resume} [emitted] [javascript module] (name: resume) 1 related asset
asset vendor.js 157 KiB {vendor} [emitted] [javascript module] (name: vendor) (id hint: defaultVendors) 1 related asset
asset default-node_modules_angular_common_fesm2022_http_mjs.js 128 KiB {default-node_modules_angular_common_fesm2022_http_mjs} [emitted] [javascript module] (id hint: default) 1 related asset
asset default-node_modules_angular_platform-browser_fesm2022_platform-browser_mjs.js 91.5 KiB {default-node_modules_angular_platform-browser_fesm2022_platform-browser_mjs} [emitted] [javascript module] (name: bootstrap) (id hint: default) 1 related asset
asset node_modules_angular_core_fesm2022_primitives_event-dispatch_mjs.js 73.1 KiB {node_modules_angular_core_fesm2022_primitives_event-dispatch_mjs} [emitted] [javascript module] 1 related asset
asset default-node_modules_rxjs_dist_esm_internal_observable_of_js-node_modules_rxjs_dist_esm_inter-3042cc.js 62 KiB {default-node_modules_rxjs_dist_esm_internal_observable_of_js-node_modules_rxjs_dist_esm_inter-3042cc} [emitted] [javascript module] (id hint: default) 1 related asset
asset default-node_modules_rxjs_dist_esm_internal_Observable_js-node_modules_rxjs_dist_esm_internal-11fb61.js 31.4 KiB {default-node_modules_rxjs_dist_esm_internal_Observable_js-node_modules_rxjs_dist_esm_internal-11fb61} [emitted] [javascript module] (id hint: default) 1 related asset
asset main.js 29.8 KiB {main} [emitted] [javascript module] (name: main) 1 related asset
asset node_modules_angular_core_fesm2022_primitives_signals_mjs.js 21.3 KiB {node_modules_angular_core_fesm2022_primitives_signals_mjs} [emitted] [javascript module] 1 related asset
asset common.js 6.58 KiB {common} [emitted] [javascript module] (name: common) (id hint: common) 1 related asset
+ 4 assets
Entrypoint resume 186 KiB (348 KiB) = remoteEntry.mjs 1 auxiliary asset
Entrypoint main 187 KiB (349 KiB) = vendor.js 157 KiB main.js 29.8 KiB 2 auxiliary assets
Entrypoint polyfills 297 KiB (579 KiB) = polyfills.js 1 auxiliary asset
Entrypoint styles 1.63 KiB (267 bytes) = styles.css 1 auxiliary asset
chunk {apps_resume_src_bootstrap_ts} (runtime: main) apps_resume_src_bootstrap_ts.js (bootstrap) 210 bytes [rendered]
  ./apps/resume/src/bootstrap.ts [5029] 210 bytes {apps_resume_src_bootstrap_ts} [built] [code generated]
    [used exports unknown]
    import() ./bootstrap [3894] ./apps/resume/src/main.ts 3:0-21
chunk {common} (runtime: main, resume) common.js (common) (id hint: common) 2.44 KiB [rendered] split chunk (cache group: common) (name: common)
  dependent modules 1.81 KiB [dependent] 3 modules
  ./apps/resume/src/app/app.module.ts [872] 641 bytes {common} [built] [code generated]
    [used exports unknown]
    harmony side effect evaluation ./app/app.module [5029] ./apps/resume/src/bootstrap.ts 2:0-45
    harmony import specifier ./app/app.module [5029] ./apps/resume/src/bootstrap.ts 3:54-63
    container exposed apps/resume/src/app/app.module.ts [1054] container entry ./Module[0]
chunk {default-node_modules_angular_common_fesm2022_common_mjs} (runtime: main, polyfills, resume, styles) default-node_modules_angular_common_fesm2022_common_mjs.js (id hint: default) 286 KiB [rendered] split chunk (cache group: default)
  dependent modules 628 bytes [dependent] 1 module
  ./node_modules/@angular/common/fesm2022/common.mjs [316] 285 KiB {default-node_modules_angular_common_fesm2022_common_mjs} [built] [code generated]
    [used exports unknown]
    consume shared fallback @angular/common [4502] consume shared module (default) @angular/common@!=1.8...1...0 (strict) (singleton) (fallback: ./node_modules/@angular/common/fesm2022/common.mjs)
    provide module for shared /Users/ngoctrong/Documents/ntrong2009/personal-website/node_modules/@angular/common/fesm2022/common.mjs [3890] provide shared module (default) @angular/common@18.1.2 = ./node_modules/@angular/common/fesm2022/common.mjs
chunk {default-node_modules_angular_common_fesm2022_http_mjs} (runtime: main, polyfills, resume, styles) default-node_modules_angular_common_fesm2022_http_mjs.js (id hint: default) 117 KiB [rendered] split chunk (cache group: default)
  dependent modules 628 bytes [dependent] 1 module
  ./node_modules/@angular/common/fesm2022/http.mjs [6443] 116 KiB {default-node_modules_angular_common_fesm2022_http_mjs} [built] [code generated]
    [used exports unknown]
    consume shared fallback @angular/common/http [8420] consume shared module (default) @angular/common/http@!=1.8...1...0 (strict) (singleton) (fallback: ./node_modules/@angular/common/fesm2022/http.mjs)
    provide module for shared /Users/ngoctrong/Documents/ntrong2009/personal-website/node_modules/@angular/common/fesm2022/http.mjs [1260] provide shared module (default) @angular/common/http@18.1.2 = ./node_modules/@angular/common/fesm2022/http.mjs
chunk {default-node_modules_angular_platform-browser_fesm2022_platform-browser_mjs} (runtime: main, polyfills, resume, styles) default-node_modules_angular_platform-browser_fesm2022_platform-browser_mjs.js (bootstrap) (id hint: default) 42 bytes (consume-shared) 78.3 KiB (javascript) [rendered] split chunk (cache group: default)
  dependent modules 42 bytes [dependent] 1 module
  ./node_modules/@angular/platform-browser/fesm2022/platform-browser.mjs [436] 78.3 KiB {default-node_modules_angular_platform-browser_fesm2022_platform-browser_mjs} [built] [code generated]
    [used exports unknown]
    [inactive] harmony side effect evaluation @angular/platform-browser [5029] ./apps/resume/src/bootstrap.ts 1:0-65
    harmony import specifier @angular/platform-browser [5029] ./apps/resume/src/bootstrap.ts 3:0-35
    [inactive] harmony side effect evaluation @angular/platform-browser [5072] ./node_modules/@angular/router/fesm2022/router.mjs 13:0-48
    harmony import specifier @angular/platform-browser [5072] ./node_modules/@angular/router/fesm2022/router.mjs 4188:55-63
    harmony import specifier @angular/platform-browser [5072] ./node_modules/@angular/router/fesm2022/router.mjs 4203:10-18
chunk {default-node_modules_angular_router_fesm2022_router_mjs} (runtime: main, polyfills, resume, styles) default-node_modules_angular_router_fesm2022_router_mjs.js (id hint: default) 297 KiB [rendered] split chunk (cache group: default)
  dependent modules 17.7 KiB [dependent] 29 modules
  ./node_modules/@angular/router/fesm2022/router.mjs [5072] 280 KiB {default-node_modules_angular_router_fesm2022_router_mjs} [built] [code generated]
    [used exports unknown]
    consume shared fallback @angular/router [9370] consume shared module (default) @angular/router@!=1.8...1...0 (strict) (singleton) (fallback: ./node_modules/@angular/router/fesm2022/router.mjs)
    provide module for shared /Users/ngoctrong/Documents/ntrong2009/personal-website/node_modules/@angular/router/fesm2022/router.mjs [5206] provide shared module (default) @angular/router@18.1.2 = ./node_modules/@angular/router/fesm2022/router.mjs
chunk {default-node_modules_rxjs_dist_esm_internal_Observable_js-node_modules_rxjs_dist_esm_internal-11fb61} (runtime: main, polyfills, resume, styles) default-node_modules_rxjs_dist_esm_internal_Observable_js-node_modules_rxjs_dist_esm_internal-11fb61.js (id hint: default) 16.1 KiB [rendered] split chunk (cache group: default)
  dependent modules 12.8 KiB [depen    [webpack.cache.PackFileCacheStrategy] Storing pack...
    [webpack.cache.PackFileCacheStrategy] Capturing build dependencies... (/Users/ngoctrong/Documents/ntrong2009/personal-website/node_modules/@angular-devkit/build-angular/node_modules/webpack/lib/, /Users/ngoctrong/Documents/ntrong2009/personal-website/node_modules/@angular-devkit/build-angular/src/tools/babel/webpack-loader.js, /Users/ngoctrong/Documents/ntrong2009/personal-website/node_modules/@ngtools/webpack/src/ivy/index.js, /Users/ngoctrong/Documents/ntrong2009/personal-website/node_modules/@angular-devkit/build-angular/node_modules/css-loader/dist/cjs.js, /Users/ngoctrong/Documents/ntrong2009/personal-website/node_modules/@angular-devkit/build-angular/node_modules/postcss-loader/dist/cjs.js, /Users/ngoctrong/Documents/ntrong2009/personal-website/node_modules/resolve-url-loader/index.js, /Users/ngoctrong/Documents/ntrong2009/personal-website/node_modules/@angular-devkit/build-angular/node_modules/sass-loader/dist/cjs.js, /Users/ngoctrong/Documents/ntrong2009/personal-website/node_modules/source-map-loader/dist/cjs.js, /Users/ngoctrong/Documents/ntrong2009/personal-website/node_modules/@angular-devkit/build-angular/node_modules/mini-css-extract-plugin/dist/loader.js)
dent] 17 modules
  ./node_modules/rxjs/dist/esm/internal/Observable.js [3942] 2.59 KiB {default-node_modules_rxjs_dist_esm_internal_Observable_js-node_modules_rxjs_dist_esm_internal-11fb61} [built] [code generated]
    [used exports unknown]
    [inactive] harmony side effect evaluation ./Observable [3200] ./node_modules/rxjs/dist/esm/internal/Subject.js 1:0-42
    harmony import specifier ./Observable [3200] ./node_modules/rxjs/dist/esm/internal/Subject.js 6:29-39
    harmony import specifier ./Observable [3200] ./node_modules/rxjs/dist/esm/internal/Subject.js 114:27-37
    [inactive] harmony side effect evaluation ../Observable [4982] ./node_modules/rxjs/dist/esm/internal/observable/ConnectableObservable.js 1:0-43
    harmony import specifier ../Observable [4982] ./node_modules/rxjs/dist/esm/internal/observable/ConnectableObservable.js 6:43-53
    [inactive] harmony side effect evaluation ../Observable [9999] ./node_modules/rxjs/dist/esm/internal/observable/combineLatest.js 1:0-43
    harmony import specifier ../Observable [9999] ./node_modules/rxjs/dist/esm/internal/observable/combineLatest.js 20:21-31
    [inactive] harmony side effect evaluation ../Observable [137] ./node_modules/rxjs/dist/esm/internal/observable/defer.js 1:0-43
    harmony import specifier ../Observable [137] ./node_modules/rxjs/dist/esm/internal/observable/defer.js 4:13-23
    [inactive] harmony side effect evaluation ../Observable [9400] ./node_modules/rxjs/dist/esm/internal/observable/empty.js 1:0-43
    harmony import specifier ../Observable [9400] ./node_modules/rxjs/dist/esm/internal/observable/empty.js 2:25-35
    harmony import specifier ../Observable [9400] ./node_modules/rxjs/dist/esm/internal/observable/empty.js 7:13-23
    [inactive] harmony side effect evaluation ../Observable [2645] ./node_modules/rxjs/dist/esm/internal/observable/innerFrom.js 4:0-43
    harmony import specifier ../Observable [2645] ./node_modules/rxjs/dist/esm/internal/observable/innerFrom.js 14:23-33
    + 18 reasons
  ./node_modules/rxjs/dist/esm/internal/operators/filter.js [1567] 355 bytes {default-node_modules_rxjs_dist_esm_internal_Observable_js-node_modules_rxjs_dist_esm_internal-11fb61} [built] [code generated]
    [used exports unknown]
    [inactive] harmony side effect evaluation ./filter [2435] ./node_modules/rxjs/dist/esm/internal/operators/first.js 2:0-34
    harmony import specifier ./filter [2435] ./node_modules/rxjs/dist/esm/internal/operators/first.js 9:43-49
    [inactive] harmony side effect evaluation ./filter [2157] ./node_modules/rxjs/dist/esm/internal/operators/last.js 2:0-34
    harmony import specifier ./filter [2157] ./node_modules/rxjs/dist/esm/internal/operators/last.js 9:43-49
    harmony import specifier rxjs/operators [6443] ./node_modules/@angular/common/fesm2022/http.mjs 1320:30-36 (skipped side-effect-free modules)
    harmony import specifier rxjs/operators [5072] ./node_modules/@angular/router/fesm2022/router.mjs 3267:8-14 (skipped side-effect-free modules)
    harmony import specifier rxjs/operators [5072] ./node_modules/@angular/router/fesm2022/router.mjs 4616:33-39 (skipped side-effect-free modules)
    harmony import specifier rxjs/operators [5072] ./node_modules/@angular/router/fesm2022/router.mjs 4740:10-16 (skipped side-effect-free modules)
    harmony import specifier rxjs/operators [5072] ./node_modules/@angular/router/fesm2022/router.mjs 5265:21-27 (skipped side-effect-free modules)
    harmony import specifier rxjs/operators [5072] ./node_modules/@angular/router/fesm2022/router.mjs 5271:6-12 (skipped side-effect-free modules)
    harmony import specifier rxjs/operators [5072] ./node_modules/@angular/router/fesm2022/router.mjs 6574:48-54 (skipped side-effect-free modules)
  ./node_modules/rxjs/dist/esm/internal/operators/map.js [271] 354 bytes {default-node_modules_rxjs_dist_esm_internal_Observable_js-node_modules_rxjs_dist_esm_internal-11fb61} [built] [code generated]
    [used exports unknown]
    [inactive] harmony side effect evaluation ./map [7378] ./node_modules/rxjs/dist/esm/internal/operators/mapTo.js 1:0-28
    harmony import specifier ./map [7378] ./node_modules/rxjs/dist/esm/internal/operators/mapTo.js 3:9-12
    [inactive] harmony side effect evaluation ./map [3255] ./node_modules/rxjs/dist/esm/internal/operators/mergeMap.js 1:0-28
    harmony import specifier ./map [3255] ./node_modules/rxjs/dist/esm/internal/operators/mergeMap.js 8:30-33
    [inactive] harmony side effect evaluation ../operators/map [8067] ./node_modules/rxjs/dist/esm/internal/util/mapOneOrManyArgs.js 1:0-39
    harmony import specifier ../operators/map [8067] ./node_modules/rxjs/dist/esm/internal/util/mapOneOrManyArgs.js 9:9-12
    harmony import specifier rxjs/operators [6443] ./node_modules/@angular/common/fesm2022/http.mjs 1331:29-32 (skipped side-effect-free modules)
    harmony import specifier rxjs/operators [6443] ./node_modules/@angular/common/fesm2022/http.mjs 1339:29-32 (skipped side-effect-free modules)
    harmony import specifier rxjs/operators [6443] ./node_modules/@angular/common/fesm2022/http.mjs 1347:29-32 (skipped side-effect-free modules)
    harmony import specifier rxjs/operators [6443] ./node_modules/@angular/common/fesm2022/http.mjs 1357:29-32 (skipped side-effect-free modules)
    harmony import specifier rxjs/operators [7580] ./node_modules/@angular/core/fesm2022/core.mjs 31643:62-65 (skipped side-effect-free modules)
    harmony import specifier rxjs/operators [5072] ./node_modules/@angular/router/fesm2022/router.mjs 2126:40-43 (skipped side-effect-free modules)
    harmony import specifier rxjs/operators [5072] ./node_modules/@angular/router/fesm2022/router.mjs 2164:40-43 (skipped side-effect-free modules)
    harmony import specifier rxjs/operators [5072] ./node_modules/@angular/router/fesm2022/router.mjs 2172:50-53 (skipped side-effect-free modules)
    + 22 reasons
chunk {default-node_modules_rxjs_dist_esm_internal_observable_of_js-node_modules_rxjs_dist_esm_inter-3042cc} (runtime: main, polyfills, resume, styles) default-node_modules_rxjs_dist_esm_internal_observable_of_js-node_modules_rxjs_dist_esm_inter-3042cc.js (id hint: default) 33.3 KiB [rendered] split chunk (cache group: default)
  dependent modules 30.3 KiB [dependent] 25 modules
  ./node_modules/rxjs/dist/esm/internal/observable/of.js [9452] 179 bytes {default-node_modules_rxjs_dist_esm_internal_observable_of_js-node_modules_rxjs_dist_esm_inter-3042cc} [built] [code generated]
    [used exports unknown]
    harmony import specifier rxjs [6443] ./node_modules/@angular/common/fesm2022/http.mjs 1310:20-22 (skipped side-effect-free modules)
    harmony import specifier rxjs [6443] ./node_modules/@angular/common/fesm2022/http.mjs 2154:73-75 (skipped side-effect-free modules)
    harmony import specifier rxjs [6443] ./node_modules/@angular/common/fesm2022/http.mjs 3014:11-13 (skipped side-effect-free modules)
    harmony import specifier rxjs [5072] ./node_modules/@angular/router/fesm2022/router.mjs 164:9-11 (skipped side-effect-free modules)
    harmony import specifier rxjs [5072] ./node_modules/@angular/router/fesm2022/router.mjs 2126:71-73 (skipped side-effect-free modules)
    harmony import specifier rxjs [5072] ./node_modules/@angular/router/fesm2022/router.mjs 2762:15-17 (skipped side-effect-free modules)
    harmony import specifier rxjs [5072] ./node_modules/@angular/router/fesm2022/router.mjs 3284:13-15 (skipped side-effect-free modules)
    harmony import specifier rxjs [5072] ./node_modules/@angular/router/fesm2022/router.mjs 3290:139-141 (skipped side-effect-free modules)
    harmony import specifier rxjs [5072] ./node_modules/@angular/router/fesm2022/router.mjs 3321:9-11 (skipped side-effect-free modules)
    harmony import specifier rxjs [5072] ./node_modules/@angular/router/fesm2022/router.mjs 3335:9-11 (skipped side-effect-free modules)
    harmony import specifier rxjs [5072] ./node_modules/@angular/router/fesm2022/router.mjs 3339:55-57 (skipped side-effect-free modules)
    harmony import specifier rxjs [5072] ./node_modules/@angular/router/fesm2022/router.mjs 3348:9-11 (skipped side-effect-free modules)
    harmony import specifier rxjs [5072] ./node_modules/@angular/router/fesm2022/router.mjs 3361:13-15 (skipped side-effect-free modules)
    harmony import specifier rxjs [5072] ./node_modules/@angular/router/fesm2022/router.mjs 3364:9-11 (skipped side-effect-free modules)
    + 37 reasons
  ./node_modules/rxjs/dist/esm/internal/operators/concatMap.js [1903] 241 bytes {default-node_modules_rxjs_dist_esm_internal_observable_of_js-node_modules_rxjs_dist_esm_inter-3042cc} [built] [code generated]
    [used exports unknown]
    harmony import specifier rxjs/operators [6443] ./node_modules/@angular/common/fesm2022/http.mjs 1310:33-42 (skipped side-effect-free modules)
    harmony import specifier rxjs/operators [5072] ./node_modules/@angular/router/fesm2022/router.mjs 3303:27-36 (skipped side-effect-free modules)
    harmony import specifier rxjs/operators [5072] ./node_modules/@angular/router/fesm2022/router.mjs 3770:35-44 (skipped side-effect-free modules)
    harmony import specifier rxjs/operators [5072] ./node_modules/@angular/router/fesm2022/router.mjs 3796:29-38 (skipped side-effect-free modules)
    harmony import specifier rxjs/operators [5072] ./node_modules/@angular/router/fesm2022/router.mjs 4042:47-56 (skipped side-effect-free modules)
    harmony import specifier rxjs/operators [5072] ./node_modules/@angular/router/fesm2022/router.mjs 6574:89-98 (skipped side-effect-free modules)
  ./node_modules/rxjs/dist/esm/internal/operators/finalize.js [9475] 227 bytes {default-node_modules_rxjs_dist_esm_internal_observable_of_js-node_modules_rxjs_dist_esm_inter-3042cc} [built] [code generated]
    [used exports unknown]
    harmony import specifier rxjs/operators [6443] ./node_modules/@angular/common/fesm2022/http.mjs 1786:38-46 (skipped side-effect-free modules)
    harmony import specifier rxjs/operators [6443] ./node_modules/@angular/common/fesm2022/http.mjs 1827:106-114 (skipped side-effect-free modules)
    harmony import specifier rxjs/operators [5072] ./node_modules/@angular/router/fesm2022/router.mjs 4305:8-16 (skipped side-effect-free modules)
    harmony import specifier rxjs/operators [5072] ./node_modules/@angular/router/fesm2022/router.mjs 4326:51-59 (skipped side-effect-free modules)
    harmony import specifier rxjs/operators [5072] ./node_modules/@angular/router/fesm2022/router.mjs 4829:12-20 (skipped side-effect-free modules)
  ./node_modules/rxjs/dist/esm/internal/operators/switchMap.js [6647] 1.02 KiB {default-node_modules_rxjs_dist_esm_internal_observable_of_js-node_modules_rxjs_dist_esm_inter-3042cc} [built] [code generated]
    [used exports unknown]
    harmony import specifier rxjs/operators [6443] ./node_modules/@angular/common/fesm2022/http.mjs 2155:23-32 (skipped side-effect-free modules)
    harmony import specifier rxjs/operators [5072] ./node_modules/@angular/router/fesm2022/router.mjs 2753:122-131 (skipped side-effect-free modules)
    harmony import specifier rxjs/operators [5072] ./node_modules/@angular/router/fesm2022/router.mjs 3249:9-18 (skipped side-effect-free modules)
    harmony import specifier rxjs/operators [5072] ./node_modules/@angular/router/fesm2022/router.mjs 3863:28-37 (skipped side-effect-free modules)
    harmony import specifier rxjs/operators [5072] ./node_modules/@angular/router/fesm2022/router.mjs 3869:65-74 (skipped side-effect-free modules)
    harmony import specifier rxjs/operators [5072] ./node_modules/@angular/router/fesm2022/router.mjs 4098:9-18 (skipped side-effect-free modules)
    harmony import specifier rxjs/operators [5072] ./node_modules/@angular/router/fesm2022/router.mjs 4623:4-13 (skipped side-effect-free modules)
    harmony import specifier rxjs/operators [5072] ./node_modules/@angular/router/fesm2022/router.mjs 4626:45-54 (skipped side-effect-free modules)
    harmony import specifier rxjs/operators [5072] ./node_modules/@angular/router/fesm2022/router.mjs 4661:10-19 (skipped side-effect-free modules)
    harmony import specifier rxjs/operators [5072] ./node_modules/@angular/router/fesm2022/router.mjs 4753:14-23 (skipped side-effect-free modules)
    harmony import specifier rxjs/operators [5072] ./node_modules/@angular/router/fesm2022/router.mjs 4785:54-63 (skipped side-effect-free modules)
  ./node_modules/rxjs/dist/esm/internal/operators/tap.js [8764] 1.39 KiB {default-node_modules_rxjs_dist_esm_internal_observable_of_js-node_modules_rxjs_dist_esm_inter-3042cc} [built] [code generated]
    [used exports unknown]
    harmony import specifier rxjs/operators [6443] ./node_modules/@angular/common/fesm2022/http.mjs 3023:24-27 (skipped side-effect-free modules)
    harmony import specifier rxjs/operators [5072] ./node_modules/@angular/router/fesm2022/router.mjs 3390:14-17 (skipped side-effect-free modules)
    harmony import specifier rxjs/operators [5072] ./node_modules/@angular/router/fesm2022/router.mjs 3929:70-73 (skipped side-effect-free modules)
    harmony import specifier rxjs/operators [5072] ./node_modules/@angular/router/fesm2022/router.mjs 4049:8-11 (skipped side-effect-free modules)
    harmony import specifier rxjs/operators [5072] ./node_modules/@angular/router/fesm2022/router.mjs 4077:113-116 (skipped side-effect-free modules)
    harmony import specifier rxjs/operators [5072] ./node_modules/@angular/router/fesm2022/router.mjs 4299:101-104 (skipped side-effect-free modules)
    harmony import specifier rxjs/operators [5072] ./node_modules/@angular/router/fesm2022/router.mjs 4674:10-13 (skipped side-effect-free modules)
    harmony import specifier rxjs/operators [5072] ./node_modules/@angular/router/fesm2022/router.mjs 4724:6-9 (skipped side-effect-free modules)
    harmony import specifier rxjs/operators [5072] ./node_modules/@angular/router/fesm2022/router.mjs 4733:79-82 (skipped side-effect-free modules)
    harmony import specifier rxjs/operators [5072] ./node_modules/@angular/router/fesm2022/router.mjs 4750:28-31 (skipped side-effect-free modules)
    harmony import specifier rxjs/operators [5072] ./node_modules/@angular/router/fesm2022/router.mjs 4755:101-104 (skipped side-effect-free modules)
    harmony import specifier rxjs/operators [5072] ./node_modules/@angular/router/fesm2022/router.mjs 4763:14-17 (skipped side-effect-free modules)
    harmony import specifier rxjs/operators [5072] ./node_modules/@angular/router/fesm2022/router.mjs 4775:81-84 (skipped side-effect-free modules)
    harmony import specifier rxjs/operators [5072] ./node_modules/@angular/router/fesm2022/router.mjs 4802:10-13 (skipped side-effect-free modules)
    + 2 reasons
chunk {default-webpack_sharing_consume_default_angular_common_angular_common} (runtime: main, polyfills, resume, styles) (id hint: default) 42 bytes split chunk (cache group: default)
  consume shared module (default) @angular/common@!=1.8...1...0 (strict) (singleton) (fallback: ./node_modules/@angular/common/fesm...(truncated) [4502] 42 bytes {default-webpack_sharing_consume_default_angular_common_angular_common} [built] [code generated]
    [used exports unknown]
    harmony side effect evaluation @angular/common [6443] ./node_modules/@angular/common/fesm2022/http.mjs 12:0-38
    harmony side effect evaluation @angular/common [6443] ./node_modules/@angular/common/fesm2022/http.mjs 13:0-80
    harmony import specifier @angular/common [6443] ./node_modules/@angular/common/fesm2022/http.mjs 1809:23-39
    harmony import specifier @angular/common [6443] ./node_modules/@angular/common/fesm2022/http.mjs 2047:88-96
    harmony import specifier @angular/common [6443] ./node_modules/@angular/common/fesm2022/http.mjs 2063:13-21
    harmony import specifier @angular/common [6443] ./node_modules/@angular/common/fesm2022/http.mjs 2403:49-62
    harmony import specifier @angular/common [6443] ./node_modules/@angular/common/fesm2022/http.mjs 2414:10-23
    harmony import specifier @angular/common [6443] ./node_modules/@angular/common/fesm2022/http.mjs 2456:23-40
    harmony import specifier @angular/common [6443] ./node_modules/@angular/common/fesm2022/http.mjs 2462:58-66
    harmony import specifier @angular/common [6443] ./node_modules/@angular/common/fesm2022/http.mjs 2476:13-21
    harmony import specifier @angular/common [6443] ./node_modules/@angular/common/fesm2022/http.mjs 2973:19-35
    harmony side effect evaluation @angular/common [436] ./node_modules/@angular/platform-browser/fesm2022/platform-browser.mjs 7:0-170
    harmony side effect evaluation @angular/common [436] ./node_modules/@angular/platform-browser/fesm2022/platform-browser.mjs 8:0-42
    harmony export imported specifier @angular/common [436] ./node_modules/@angular/platform-browser/fesm2022/platform-browser.mjs 8:0-42
    + 56 reasons
chunk {default-webpack_sharing_consume_default_angular_core_angular_core} (runtime: main, polyfills, resume, styles) (id hint: default) 42 bytes split chunk (cache group: default)
  consume shared module (default) @angular/core@!=1.8...1...0 (strict) (singleton) (fallback: ./node_modules/@angular/core/fesm...(truncated) [6692] 42 bytes {default-webpack_sharing_consume_default_angular_core_angular_core} [built] [code generated]
    [used exports unknown]
    harmony side effect evaluation @angular/core [2353] ./apps/resume/src/app/app-routing.module.ts 3:0-36
    harmony import specifier @angular/core [2353] ./apps/resume/src/app/app-routing.module.ts 13:40-59
    harmony import specifier @angular/core [2353] ./apps/resume/src/app/app-routing.module.ts 16:40-59
    harmony import specifier @angular/core [2353] ./apps/resume/src/app/app-routing.module.ts 21:53-74
    harmony side effect evaluation @angular/core [6533] ./apps/resume/src/app/app.component.ts 1:0-36
    harmony import specifier @angular/core [6533] ./apps/resume/src/app/app.component.ts 6:40-60
    harmony import specifier @angular/core [6533] ./apps/resume/src/app/app.component.ts 13:8-25
    harmony import specifier @angular/core [6533] ./apps/resume/src/app/app.component.ts 14:8-17
    harmony import specifier @angular/core [6533] ./apps/resume/src/app/app.component.ts 15:8-23
    harmony side effect evaluation @angular/core [872] ./apps/resume/src/app/app.module.ts 3:0-36
    harmony import specifier @angular/core [872] ./apps/resume/src/app/app.module.ts 8:40-59
    harmony import specifier @angular/core [872] ./apps/resume/src/app/app.module.ts 12:40-59
    harmony import specifier @angular/core [872] ./apps/resume/src/app/app.module.ts 17:53-74
    harmony side effect evaluation @angular/core [2865] ./apps/resume/src/app/home.component.ts 1:0-36
    + 1076 reasons
chunk {default-webpack_sharing_consume_default_angular_router_angular_router} (runtime: main, resume) (id hint: default) 42 bytes split chunk (cache group: default)
  consume shared module (default) @angular/router@!=1.8...1...0 (strict) (singleton) (fallback: ./node_modules/@angular/router/fesm...(truncated) [9370] 42 bytes {default-webpack_sharing_consume_default_angular_router_angular_router} [built] [code generated]
    [used exports unknown]
    harmony side effect evaluation @angular/router [2353] ./apps/resume/src/app/app-routing.module.ts 1:0-47
    harmony side effect evaluation @angular/router [2353] ./apps/resume/src/app/app-routing.module.ts 4:0-38
    harmony import specifier @angular/router [2353] ./apps/resume/src/app/app-routing.module.ts 17:14-35
    harmony import specifier @angular/router [2353] ./apps/resume/src/app/app-routing.module.ts 22:14-29
chunk {main} (runtime: main) main.js (main) 70 bytes (javascript) 252 bytes (share-init) 21.1 KiB (runtime) [entry] [rendered]
  runtime modules 21.1 KiB 18 modules
  ./apps/resume/src/main.ts [3894] 70 bytes {main} [built] [code generated]
    [used exports unknown]
    entry /Users/ngoctrong/Documents/ntrong2009/personal-website/apps/resume/src/main.ts main
  provide shared module (default) @angular/common/http@18.1.2 = ./node_modules/@an...(truncated) [1260] 42 bytes {main} {polyfills} {resume} {styles} [built] [code generated]
    [used exports unknown]
    provide shared module
  provide shared module (default) @angular/common@18.1.2 = ./node_modules/@angular...(truncated) [3890] 42 bytes {main} {polyfills} {resume} {styles} [built] [code generated]
    [used exports unknown]
    provide shared module
  provide shared module (default) @angular/core/primitives/event-dispatch@18.1.2 =...(truncated) [1854] 42 bytes {main} {polyfills} {resume} {styles} [built] [code generated]
    [used exports unknown]
    provide shared module
  provide shared module (default) @angular/core/primitives/signals@18.1.2 = ./node...(truncated) [8256] 42 bytes {main} {polyfills} {resume} {styles} [built] [code generated]
    [used exports unknown]
    provide shared module
  provide shared module (default) @angular/core@18.1.2 = ./node_modules/@angular/c...(truncated) [9488] 42 bytes {main} {polyfills} {resume} {styles} [built] [code generated]
    [used exports unknown]
    provide shared module
  provide shared module (default) @angular/router@18.1.2 = ./node_modules/@angular...(truncated) [5206] 42 bytes {main} {polyfills} {resume} {styles} [built] [code generated]
    [used exports unknown]
    provide shared module
chunk {node_modules_angular_core_fesm2022_core_mjs} (runtime: main, polyfills, resume, styles) node_modules_angular_core_fesm2022_core_mjs.js 1.45 MiB (javascript) 84 bytes (consume-shared) [rendered]
  dependent modules 7.25 KiB (javascript) 84 bytes (consume-shared) [dependent] 11 modules
  ./node_modules/@angular/core/fesm2022/core.mjs [7580] 1.44 MiB {node_modules_angular_core_fesm2022_core_mjs} [built] [code generated]
    [used exports unknown]
    consume shared fallback @angular/core [6692] consume shared module (default) @angular/core@!=1.8...1...0 (strict) (singleton) (fallback: ./node_modules/@angular/core/fesm2022/core.mjs)
    provide module for shared /Users/ngoctrong/Documents/ntrong2009/personal-website/node_modules/@angular/core/fesm2022/core.mjs [9488] provide shared module (default) @angular/core@18.1.2 = ./node_modules/@angular/core/fesm2022/core.mjs
chunk {node_modules_angular_core_fesm2022_primitives_event-dispatch_mjs} (runtime: main, polyfills, resume, styles) node_modules_angular_core_fesm2022_primitives_event-dispatch_mjs.js 71.5 KiB [rendered]
  ./node_modules/@angular/core/fesm2022/primitives/event-dispatch.mjs [6745] 71.5 KiB {node_modules_angular_core_fesm2022_primitives_event-dispatch_mjs} [built] [code generated]
    [used exports unknown]
    consume shared fallback @angular/core/primitives/event-dispatch [5638] consume shared module (default) @angular/core/primitives/event-dispatch@!=1.8...1...0 (strict) (singleton) (fallback: ./node_modules/@angular/core/fesm2022/primitives/event-dispatch.mjs)
    provide module for shared /Users/ngoctrong/Documents/ntrong2009/personal-website/node_modules/@angular/core/fesm2022/primitives/event-dispatch.mjs [1854] provide shared module (default) @angular/core/primitives/event-dispatch@18.1.2 = ./node_modules/@angular/core/fesm2022/primitives/event-dispatch.mjs
chunk {node_modules_angular_core_fesm2022_primitives_signals_mjs} (runtime: main, polyfills, resume, styles) node_modules_angular_core_fesm2022_primitives_signals_mjs.js 19 KiB [rendered]
  ./node_modules/@angular/core/fesm2022/primitives/signals.mjs [5689] 19 KiB {node_modules_angular_core_fesm2022_primitives_signals_mjs} [built] [code generated]
    [used exports unknown]
    consume shared fallback @angular/core/primitives/signals [4276] consume shared module (default) @angular/core/primitives/signals@!=1.8...1...0 (strict) (singleton) (fallback: ./node_modules/@angular/core/fesm2022/primitives/signals.mjs)
    provide module for shared /Users/ngoctrong/Documents/ntrong2009/personal-website/node_modules/@angular/core/fesm2022/primitives/signals.mjs [8256] provide shared module (default) @angular/core/primitives/signals@18.1.2 = ./node_modules/@angular/core/fesm2022/primitives/signals.mjs
chunk {polyfills} (runtime: polyfills) polyfills.js (polyfills) 267 KiB (javascript) 252 bytes (share-init) 19.1 KiB (runtime) [entry] [rendered]
  runtime modules 19.1 KiB 17 modules
  dependent modules 152 KiB [dependent] 7 modules
  ./node_modules/.federation/entry.7a7d02b51add817dda263fd67f567068.js [6449] 1.29 KiB {polyfills} {resume} {vendor} [built] [code generated]
    [used exports unknown]
    entry /Users/ngoctrong/Documents/ntrong2009/personal-website/node_modules/.federation/entry.7a7d02b51add817dda263fd67f567068.js [1054] container entry
    entry /Users/ngoctrong/Documents/ntrong2009/personal-website/node_modules/.federation/entry.7a7d02b51add817dda263fd67f567068.js main
    entry /Users/ngoctrong/Documents/ntrong2009/personal-website/node_modules/.federation/entry.7a7d02b51add817dda263fd67f567068.js polyfills
  ./node_modules/zone.js/fesm2015/zone.js [4124] 114 KiB {polyfills} [built] [code generated]
    [used exports unknown]
    entry zone.js polyfills
  provide shared module (default) @angular/common/http@18.1.2 = ./node_modules/@an...(truncated) [1260] 42 bytes {main} {polyfills} {resume} {styles} [built] [code generated]
    [used exports unknown]
    provide shared module
  provide shared module (default) @angular/common@18.1.2 = ./node_modules/@angular...(truncated) [3890] 42 bytes {main} {polyfills} {resume} {styles} [built] [code generated]
    [used exports unknown]
    provide shared module
  provide shared module (default) @angular/core/primitives/event-dispatch@18.1.2 =...(truncated) [1854] 42 bytes {main} {polyfills} {resume} {styles} [built] [code generated]
    [used exports unknown]
    provide shared module
  provide shared module (default) @angular/core/primitives/signals@18.1.2 = ./node...(truncated) [8256] 42 bytes {main} {polyfills} {resume} {styles} [built] [code generated]
    [used exports unknown]
    provide shared module
  provide shared module (default) @angular/core@18.1.2 = ./node_modules/@angular/c...(truncated) [9488] 42 bytes {main} {polyfills} {resume} {styles} [built] [code generated]
    [used exports unknown]
    provide shared module
  provide shared module (default) @angular/router@18.1.2 = ./node_modules/@angular...(truncated) [5206] 42 bytes {main} {polyfills} {resume} {styles} [built] [code generated]
    [used exports unknown]
    provide shared module
chunk {resume} (runtime: resume) remoteEntry.mjs (resume) 153 KiB (javascript) 252 bytes (share-init) 20.1 KiB (runtime) [entry] [rendered]
  runtime modules 20.1 KiB 17 modules
  dependent modules 153 KiB [dependent] 8 modules
  container entry [1054] 42 bytes {resume} [built] [code generated]
    [used exports unknown]
    container entry resume
    used as library export
  provide shared module (default) @angular/common/http@18.1.2 = ./node_modules/@an...(truncated) [1260] 42 bytes {main} {polyfills} {resume} {styles} [built] [code generated]
    [used exports unknown]
    provide shared module
  provide shared module (default) @angular/common@18.1.2 = ./node_modules/@angular...(truncated) [3890] 42 bytes {main} {polyfills} {resume} {styles} [built] [code generated]
    [used exports unknown]
    provide shared module
  provide shared module (default) @angular/core/primitives/event-dispatch@18.1.2 =...(truncated) [1854] 42 bytes {main} {polyfills} {resume} {styles} [built] [code generated]
    [used exports unknown]
    provide shared module
  provide shared module (default) @angular/core/primitives/signals@18.1.2 = ./node...(truncated) [8256] 42 bytes {main} {polyfills} {resume} {styles} [built] [code generated]
    [used exports unknown]
    provide shared module
  provide shared module (default) @angular/core@18.1.2 = ./node_modules/@angular/c...(truncated) [9488] 42 bytes {main} {polyfills} {resume} {styles} [built] [code generated]
    [used exports unknown]
    provide shared module
  provide shared module (default) @angular/router@18.1.2 = ./node_modules/@angular...(truncated) [5206] 42 bytes {main} {polyfills} {resume} {styles} [built] [code generated]
    [used exports unknown]
    provide shared module
chunk {styles} (runtime: styles) styles.css (styles) 50 bytes (javascript) 79 bytes (css/mini-extract) 252 bytes (share-init) 19.1 KiB (runtime) [entry] [rendered]
  runtime modules 19.1 KiB 17 modules
  dependent modules 79 bytes [dependent] 1 module
  ./apps/resume/src/styles.scss?ngGlobalStyle [9511] 50 bytes {styles} [built] [code generated]
    [used exports unknown]
    entry /Users/ngoctrong/Documents/ntrong2009/personal-website/apps/resume/src/styles.scss?ngGlobalStyle styles
  provide shared module (default) @angular/common/http@18.1.2 = ./node_modules/@an...(truncated) [1260] 42 bytes {main} {polyfills} {resume} {styles} [built] [code generated]
    [used exports unknown]
    provide shared module
  provide shared module (default) @angular/common@18.1.2 = ./node_modules/@angular...(truncated) [3890] 42 bytes {main} {polyfills} {resume} {styles} [built] [code generated]
    [used exports unknown]
    provide shared module
  provide shared module (default) @angular/core/primitives/event-dispatch@18.1.2 =...(truncated) [1854] 42 bytes {main} {polyfills} {resume} {styles} [built] [code generated]
    [used exports unknown]
    provide shared module
  provide shared module (default) @angular/core/primitives/signals@18.1.2 = ./node...(truncated) [8256] 42 bytes {main} {polyfills} {resume} {styles} [built] [code generated]
    [used exports unknown]
    provide shared module
  provide shared module (default) @angular/core@18.1.2 = ./node_modules/@angular/c...(truncated) [9488] 42 bytes {main} {polyfills} {resume} {styles} [built] [code generated]
    [used exports unknown]
    provide shared module
  provide shared module (default) @angular/router@18.1.2 = ./node_modules/@angular...(truncated) [5206] 42 bytes {main} {polyfills} {resume} {styles} [built] [code generated]
    [used exports unknown]
    provide shared module
chunk {vendor} (runtime: main) vendor.js (vendor) (id hint: defaultVendors) 153 KiB [initial] [rendered] split chunk (cache group: defaultVendors) (name: vendor)
  dependent modules 152 KiB [dependent] 7 modules
  ./node_modules/.federation/entry.7a7d02b51add817dda263fd67f567068.js [6449] 1.29 KiB {polyfills} {resume} {vendor} [built] [code generated]
    [used exports unknown]
    entry /Users/ngoctrong/Documents/ntrong2009/personal-website/node_modules/.federation/entry.7a7d02b51add817dda263fd67f567068.js [1054] container entry
    entry /Users/ngoctrong/Documents/ntrong2009/personal-website/node_modules/.federation/entry.7a7d02b51add817dda263fd67f567068.js main
    entry /Users/ngoctrong/Documents/ntrong2009/personal-website/node_modules/.federation/entry.7a7d02b51add817dda263fd67f567068.js polyfills
  

LOG from webpack.Compilation
<t> runtime requirements.modules: 0.21175 ms
<t> runtime requirements.chunks: 0.251834 ms
<t> runtime requirements.entries: 1.029459 ms
<t> compute affected modules: 0.137375 ms
<t> finish modules: 14.45275 ms
<t> report dependency errors and warnings: 3.171417 ms
<t> optimize dependencies: 1.777625 ms
<t> create chunks: 7.511333 ms
<t> compute affected modules with chunk graph: 0.072583 ms
<t> optimize: 10.17825 ms
    151 modules hashed, 0 from cache (0.55 variants per module in average)
<t> module hashing: 7.5875 ms
    100% code generated (117 generated, 0 from cache)
<t> code generation: 22.184833 ms
<t> runtime requirements.modules: 0.598125 ms
<t> runtime requirements.chunks: 0.155625 ms
<t> runtime requirements.entries: 2.465875 ms
<t> runtime requirements: 3.283125 ms
<t> hashing: initialize hash: 0.005291 ms
<t> hashing: hash warnings: 0.00225 ms
<t> hashing: sort chunks: 0.173959 ms
<t> hashing: hash runtime modules: 6.579291 ms
<t> hashing: hash chunks: 2.213419 ms
<t> hashing: hash digest: 0.027167 ms
<t> hashing: process full hash modules: 0.001042 ms
<t> hashing: 9.336167 ms
    100% code generated (69 generated, 0 from cache)
<t> record hash: 0.030041 ms
<t> module assets: 0.177084 ms
<t> create chunk assets: 5.792834 ms
<t> process assets: 515.412542 ms

LOG from webpack.DefinePlugin
    Replaced "FEDERATION_BUILD_IDENTIFIER" with ""resume:0.0.0""
    Replaced "FEDERATION_BUILD_IDENTIFIER" with ""resume:0.0.0""
+ 2 hidden lines

LOG from webpack.Compiler
<t> make hook: 3271.924875 ms
<t> finish make hook: 2.718625 ms
<t> finish compilation: 17.991375 ms
<t> seal compilation: 585.946625 ms
<t> afterCompile hook: 0.125125 ms
<t> emitAssets: 28.0295 ms
<t> emitRecords: 0.039167 ms
<t> done hook: 0.084917 ms
<t> beginIdle: 0.283416 ms

LOG from webpack.ResolverCachePlugin
    20% really resolved (531 real resolves with 0 cached but invalid, 2072 cached valid, 0 concurrent)

LOG from webpack.FlagDependencyExportsPlugin
<t> restore cached provided exports: 1.120708 ms
<t> figure out provided exports: 8.89575 ms
    90% of exports of modules have been determined (27 no declared exports, 248 not cached, 1 flagged uncacheable, 0 from cache, 0 from mem cache, 2 additional calculations due to dependencies)
<t> store provided exports into cache: 1.265833 ms

LOG from webpack.SideEffectsFlagPlugin
<t> update dependencies: 1.611208 ms

LOG from webpack.buildChunkGraph
<t> visitModules: prepare: 0.353666 ms
<t> visitModules: visiting: 1.442791 ms
<t> visitModules: calculating available modules: 0.462583 ms
<t> visitModules: merging available modules: 0.03325 ms
<t> visitModules: check modules for revisit: 0.063375 ms
<t> visitModules: prepare: 0.932261 ms
<t> visitModules: visiting: 1.659 ms
<t> visitModules: calculating available modules: 0.101375 ms
<t> visitModules: merging available modules: 0.008917 ms
<t> visitModules: check modules for revisit: 0.001875 ms
<t> visitModules: prepare: 0.536288 ms
<t> visitModules: visiting: 0.887542 ms
<t> visitModules: calculating available modules: 0.086541 ms
<t> visitModules: merging available modules: 0.003667 ms
<t> visitModules: visiting: 0.002292 ms
    981 queue items processed (459 blocks)
    44 chunk groups connected
    18 chunk groups processed for merging (44 module sets, 0 forked, 0 + 0 modules forked, 0 + 0 modules merged into fork, 0 resulting modules)
    14 chunk group info updated (0 already connected chunk groups reconnected)
<t> visitModules: 5.437292 ms
<t> connectChunkGroups: 0.266292 ms
<t> cleanup: 0.022541 ms

LOG from webpack.SplitChunksPlugin
<t> prepare: 0.022834 ms
<t> modules: 3.076917 ms
<t> queue: 0.737875 ms
<t> maxSize: 0.088834 ms

LOG from webpack.FileSystemInfo
    785 new snapshots created
    0% root snapshot uncached (0 / 2072)
    0% children snapshot uncached (0 / 0)
    0 entries tested
    File info in cache: 189 timestamps 0 hashes 0 timestamp hash combinations
    File timestamp snapshot optimization: 96% (3718/3862) entries shared via 4 shared snapshots (529 times referenced)
    Directory info in cache: 0 timestamps 0 hashes 0 timestamp hash combinations
    Missing items snapshot optimization: 66% (291/440) entries shared via 14 shared snapshots (56 times referenced)
    Managed items info in cache: 67 items
    Managed items snapshot optimization: 14% (141/977) entries shared via 14 shared snapshots (22 times referenced)
    Managed files snapshot optimization: 80% (3242/4050) entries shared via 184 shared snapshots (732 times referenced)
    Managed missing snapshot optimization: 87% (3667/4215) entries shared via 187 shared snapshots (740 times referenced)

WARNING in /Users/ngoctrong/Documents/ntrong2009/personal-website/apps/resume/src/app/remote-entry/entry.component.ts is part of the TypeScript compilation but it's unused.
Add only entry points to the 'files' or 'include' properties in your tsconfig.
Error: /Users/ngoctrong/Documents/ntrong2009/personal-website/apps/resume/src/app/remote-entry/entry.component.ts is part of the TypeScript compilation but it's unused.
Add only entry points to the 'files' or 'include' properties in your tsconfig.
    at addWarning (/Users/ngoctrong/Documents/ntrong2009/personal-website/node_modules/@ngtools/webpack/src/ivy/diagnostics.js:28:31)
    at /Users/ngoctrong/Documents/ntrong2009/personal-website/node_modules/@ngtools/webpack/src/ivy/plugin.js:220:46
    at processTicksAndRejections (node:internal/process/task_queues:95:5)

WARNING in /Users/ngoctrong/Documents/ntrong2009/personal-website/apps/resume/src/app/remote-entry/entry.routes.ts is part of the TypeScript compilation but it's unused.
Add only entry points to the 'files' or 'include' properties in your tsconfig.
Error: /Users/ngoctrong/Documents/ntrong2009/personal-website/apps/resume/src/app/remote-entry/entry.routes.ts is part of the TypeScript compilation but it's unused.
Add only entry points to the 'files' or 'include' properties in your tsconfig.
    at addWarning (/Users/ngoctrong/Documents/ntrong2009/personal-website/node_modules/@ngtools/webpack/src/ivy/diagnostics.js:28:31)
    at /Users/ngoctrong/Documents/ntrong2009/personal-website/node_modules/@ngtools/webpack/src/ivy/plugin.js:220:46
    at processTicksAndRejections (node:internal/process/task_queues:95:5)

2024-07-30 10:13:03: webpack 5.92.1 compiled in 4470 ms (6e17d1699e2e1a1e)
<t> [webpack.cache.PackFileCacheStrategy] resolve build dependencies: 427.855125 ms
<t> [webpack.cache.PackFileCacheStrategy] snapshot build dependencies: 22.974208 ms
    [webpack.cache.PackFileCacheStrategy] Captured build dependencies
    [webpack.cache.PackFileCacheStrategy] 1309 fresh items in cache put into pack 0
    [webpack.cache.PackFileCacheStrategy] Serialization of 'Compilation/modules|javascript/esm|/Users/ngoctrong/Documents/ntrong2009/personal-website/node_modules/@angular-devkit/build-angular/src/tools/babel/webpack-loader.js??ruleSet[1].rules[2].use[0]!/Users/ngoctrong/Documents/ntrong2009/personal-website/node_modules/source-map-loader/dist/cjs.js??ruleSet[1].rules[3]!/Users/ngoctrong/Documents/ntrong2009/personal-website/node_modules/@angular/core/fesm2022/core.mjs': 2.202792 ms
    [webpack.cache.PackFileCacheStrategy] Serialization of 'Compilation/modules|javascript/esm|/Users/ngoctrong/Documents/ntrong2009/personal-website/node_modules/@angular-devkit/build-angular/src/tools/babel/webpack-loader.js??ruleSet[1].rules[2].use[0]!/Users/ngoctrong/Documents/ntrong2009/personal-website/node_modules/source-map-loader/dist/cjs.js??ruleSet[1].rules[3]!/Users/ngoctrong/Documents/ntrong2009/personal-website/node_modules/@angular/platform-browser/fesm2022/platform-browser.mjs': 1.652583 ms
    [webpack.cache.PackFileCacheStrategy] Serialization of 'Compilation/modules|javascript/esm|/Users/ngoctrong/Documents/ntrong2009/personal-website/node_modules/@angular-devkit/build-angular/src/tools/babel/webpack-loader.js??ruleSet[1].rules[2].use[0]!/Users/ngoctrong/Documents/ntrong2009/personal-website/node_modules/source-map-loader/dist/cjs.js??ruleSet[1].rules[3]!/Users/ngoctrong/Documents/ntrong2009/personal-website/node_modules/@angular/router/fesm2022/router.mjs': 2.9845 ms
    [webpack.cache.PackFileCacheStrategy] Serialization of 'Compilation/modules|/Users/ngoctrong/Documents/ntrong2009/personal-website/node_modules/@angular-devkit/build-angular/src/tools/babel/webpack-loader.js??ruleSet[1].rules[2].use[0]!/Users/ngoctrong/Documents/ntrong2009/personal-website/node_modules/source-map-loader/dist/cjs.js??ruleSet[1].rules[3]!/Users/ngoctrong/Documents/ntrong2009/personal-website/node_modules/rxjs/dist/esm/index.js': 1.107833 ms
<w> [webpack.cache.PackFileCacheStrategy] Skipped not serializable cache item: No serializer registered for ConstDependency
<w> while serializing webpack/lib/cache/PackFileCacheStrategy.PackContentItems -> webpack/lib/NormalModule -> Array { 3 items } -> ConstDependency
    [webpack.cache.PackFileCacheStrategy] Skipped not serializable cache item 'Compilation/modules|javascript/dynamic|/Users/ngoctrong/Documents/ntrong2009/personal-website/node_modules/@angular-devkit/build-angular/src/tools/babel/webpack-loader.js??ruleSet[1].rules[2].use[0]!/Users/ngoctrong/Documents/ntrong2009/personal-website/node_modules/source-map-loader/dist/cjs.js??ruleSet[1].rules[3]!/Users/ngoctrong/Documents/ntrong2009/personal-website/node_modules/@nx/webpack/src/utils/module-federation/plugins/runtime-library-control.plugin.js': Error: No serializer registered for ConstDependency
    while serializing webpack/lib/cache/PackFileCacheStrategy.PackContentItems -> webpack/lib/NormalModule -> Array { 3 items } -> ConstDependency
        at Function.getSerializerFor (/Users/ngoctrong/Documents/ntrong2009/personal-website/node_modules/@angular-devkit/build-angular/node_modules/webpack/lib/serialization/ObjectMiddleware.js:258:22)
        at process (/Users/ngoctrong/Documents/ntrong2009/personal-website/node_modules/@angular-devkit/build-angular/node_modules/webpack/lib/serialization/ObjectMiddleware.js:499:23)
        at Object.write (/Users/ngoctrong/Documents/ntrong2009/personal-website/node_modules/@angular-devkit/build-angular/node_modules/webpack/lib/serialization/ObjectMiddleware.js:421:6)
        at ArraySerializer.serialize (/Users/ngoctrong/Documents/ntrong2009/personal-website/node_modules/@angular-devkit/build-angular/node_modules/webpack/lib/serialization/ArraySerializer.js:18:37)
        at process (/Users/ngoctrong/Documents/ntrong2009/personal-website/node_modules/@angular-devkit/build-angular/node_modules/webpack/lib/serialization/ObjectMiddleware.js:514:17)
        at write (/Users/ngoctrong/Documents/ntrong2009/personal-website/node_modules/@angular-devkit/build-angular/node_modules/webpack/lib/serialization/ObjectMiddleware.js:421:6)
        at NormalModule.serialize (/Users/ngoctrong/Documents/ntrong2009/personal-website/node_modules/@angular-devkit/build-angular/node_modules/webpack/lib/Module.js:1078:3)
        at NormalModule.serialize (/Users/ngoctrong/Documents/ntrong2009/personal-website/node_modules/@angular-devkit/build-angular/node_modules/webpack/lib/NormalModule.js:1535:9)
        at ClassSerializer.serialize (/Users/ngoctrong/Documents/ntrong2009/personal-website/node_modules/@angular-devkit/build-angular/node_modules/webpack/lib/util/makeSerializable.js:17:7)
        at process (/Users/ngoctrong/Documents/ntrong2009/personal-website/node_modules/@angular-devkit/build-angular/node_modules/webpack/lib/serialization/ObjectMiddleware.js:514:17)
        at write (/Users/ngoctrong/Documents/ntrong2009/personal-website/node_modules/@angular-devkit/build-angular/node_modules/webpack/lib/serialization/ObjectMiddleware.js:421:6)
        at PackContentItems.serialize (/Users/ngoctrong/Documents/ntrong2009/personal-website/node_modules/@angular-devkit/build-angular/node_modules/webpack/lib/cache/PackFileCacheStrategy.js:666:6)
        at ClassSerializer.serialize (/Users/ngoctrong/Documents/ntrong2009/personal-website/node_modules/@angular-devkit/build-angular/node_modules/webpack/lib/util/makeSerializable.js:17:7)
        at process (/Users/ngoctrong/Documents/ntrong2009/personal-website/node_modules/@angular-devkit/build-angular/node_modules/webpack/lib/serialization/ObjectMiddleware.js:514:17)
        at ObjectMiddleware.serialize (/Users/ngoctrong/Documents/ntrong2009/personal-website/node_modules/@angular-devkit/build-angular/node_modules/webpack/lib/serialization/ObjectMiddleware.js:573:5)
        at /Users/ngoctrong/Documents/ntrong2009/personal-website/node_modules/@angular-devkit/build-angular/node_modules/webpack/lib/serialization/ObjectMiddleware.js:559:12
        at /Users/ngoctrong/Documents/ntrong2009/personal-website/node_modules/@angular-devkit/build-angular/node_modules/webpack/lib/serialization/SerializerMiddleware.js:106:11
        at /Users/ngoctrong/Documents/ntrong2009/personal-website/node_modules/@angular-devkit/build-angular/node_modules/webpack/lib/util/memoize.js:22:13
        at /Users/ngoctrong/Documents/ntrong2009/personal-website/node_modules/@angular-devkit/build-angular/node_modules/webpack/lib/serialization/SerializerMiddleware.js:102:14
        at /Users/ngoctrong/Documents/ntrong2009/personal-website/node_modules/@angular-devkit/build-angular/node_modules/webpack/lib/util/memoize.js:22:13
        at serialize (/Users/ngoctrong/Documents/ntrong2009/personal-website/node_modules/@angular-devkit/build-angular/node_modules/webpack/lib/serialization/FileMiddleware.js:129:21)
    [webpack.cache.PackFileCacheStrategy] Serialization of 'Compilation/modules|javascript/esm|/Users/ngoctrong/Documents/ntrong2009/personal-website/node_modules/@angular-devkit/build-angular/src/tools/babel/webpack-loader.js??ruleSet[1].rules[2].use[0]!/Users/ngoctrong/Documents/ntrong2009/personal-website/node_modules/source-map-loader/dist/cjs.js??ruleSet[1].rules[3]!/Users/ngoctrong/Documents/ntrong2009/personal-website/node_modules/@angular/common/fesm2022/common.mjs': 2.430458 ms
    [webpack.cache.PackFileCacheStrategy] Serialization of 'Compilation/modules|/Users/ngoctrong/Documents/ntrong2009/personal-website/node_modules/@angular-devkit/build-angular/src/tools/babel/webpack-loader.js??ruleSet[1].rules[2].use[0]!/Users/ngoctrong/Documents/ntrong2009/personal-website/node_modules/source-map-loader/dist/cjs.js??ruleSet[1].rules[3]!/Users/ngoctrong/Documents/ntrong2009/personal-website/node_modules/rxjs/dist/esm/internal/operators/startWith.js': 3.121375 ms
<i> [webpack.cache.PackFileCacheStrategy] Serialization of 'Compilation/codeGeneration|javascript/esm|/Users/ngoctrong/Documents/ntrong2009/personal-website/node_modules/@angular-devkit/build-angular/src/tools/babel/webpack-loader.js??ruleSet[1].rules[2].use[0]!/Users/ngoctrong/Documents/ntrong2009/personal-website/node_modules/source-map-loader/dist/cjs.js??ruleSet[1].rules[3]!/Users/ngoctrong/Documents/ntrong2009/personal-website/node_modules/@angular/core/fesm2022/core.mjs|main
<i> polyfills
<i> resume
<i> styles': 17.610917 ms
    [webpack.cache.PackFileCacheStrategy] Serialization of 'Compilation/codeGeneration|javascript/esm|/Users/ngoctrong/Documents/ntrong2009/personal-website/node_modules/@angular-devkit/build-angular/src/tools/babel/webpack-loader.js??ruleSet[1].rules[2].use[0]!/Users/ngoctrong/Documents/ntrong2009/personal-website/node_modules/source-map-loader/dist/cjs.js??ruleSet[1].rules[3]!/Users/ngoctrong/Documents/ntrong2009/personal-website/node_modules/@angular/router/fesm2022/router.mjs|main
    polyfills
    resume
    styles': 4.470666 ms
    [webpack.cache.PackFileCacheStrategy] Serialization of 'Compilation/codeGeneration|javascript/esm|/Users/ngoctrong/Documents/ntrong2009/personal-website/node_modules/@angular-devkit/build-angular/src/tools/babel/webpack-loader.js??ruleSet[1].rules[2].use[0]!/Users/ngoctrong/Documents/ntrong2009/personal-website/node_modules/source-map-loader/dist/cjs.js??ruleSet[1].rules[3]!/Users/ngoctrong/Documents/ntrong2009/personal-website/node_modules/@angular/common/fesm2022/http.mjs|main
    polyfills
    resume
    styles': 1.15225 ms
    [webpack.cache.PackFileCacheStrategy] Serialization of 'Compilation/codeGeneration|javascript/esm|/Users/ngoctrong/Documents/ntrong2009/personal-website/node_modules/@angular-devkit/build-angular/src/tools/babel/webpack-loader.js??ruleSet[1].rules[2].use[0]!/Users/ngoctrong/Documents/ntrong2009/personal-website/node_modules/source-map-loader/dist/cjs.js??ruleSet[1].rules[3]!/Users/ngoctrong/Documents/ntrong2009/personal-website/node_modules/@angular/common/fesm2022/common.mjs|main
    polyfills
    resume
    styles': 4.075 ms
    [webpack.cache.PackFileCacheStrategy] Serialization of 'Compilation/assets|chunkpolyfills': 1.34025 ms
    [webpack.cache.PackFileCacheStrategy] Serialization of 'Compilation/assets|chunknode_modules_angular_core_fesm2022_core_mjs': 9.85625 ms
    [webpack.cache.PackFileCacheStrategy] Serialization of 'Compilation/assets|chunkdefault-node_modules_angular_router_fesm2022_router_mjs': 2.355709 ms
    [webpack.cache.PackFileCacheStrategy] Serialization of 'Compilation/assets|chunkdefault-node_modules_angular_common_fesm2022_common_mjs': 1.991875 ms
    [webpack.cache.PackFileCacheStrategy] Serialization of 'SourceMapDevToolPlugin|remoteEntry.mjs': 1.068625 ms
    [webpack.cache.PackFileCacheStrategy] Serialization of 'SourceMapDevToolPlugin|polyfills.js': 1.613375 ms
    [webpack.cache.PackFileCacheStrategy] Serialization of 'SourceMapDevToolPlugin|node_modules_angular_core_fesm2022_core_mjs.js': 7.299208 ms
    [webpack.cache.PackFileCacheStrategy] Serialization of 'SourceMapDevToolPlugin|default-node_modules_angular_router_fesm2022_router_mjs.js': 1.640333 ms
    [webpack.cache.PackFileCacheStrategy] Serialization of 'SourceMapDevToolPlugin|default-node_modules_angular_common_fesm2022_common_mjs.js': 1.448291 ms
<t> [webpack.cache.PackFileCacheStrategy] store pack: 346.328083 ms
    [webpack.cache.PackFileCacheStrategy] Stored pack (1309 items, 1 files, 95 MiB)
✔ Browser application bundle generation complete.
- Copying assets...
✔ Copying assets complete.
- Generating index html...
✔ Index html generation complete.

Initial chunk files                                                                                     | Names         |  Raw size
polyfills.js                                                                                            | polyfills     | 304.58 kB | 
remoteEntry.mjs                                                                                         | resume        | 190.86 kB | 
vendor.js                                                                                               | vendor        | 161.23 kB | 
main.js                                                                                                 | main          |  30.46 kB | 
styles.css                                                                                              | styles        |   1.67 kB | 

                                                                                                        | Initial total | 688.81 kB

Lazy chunk files                                                                                        | Names         |  Raw size
node_modules_angular_core_fesm2022_core_mjs.js                                                          | -             |   1.56 MB | 
default-node_modules_angular_router_fesm2022_router_mjs.js                                              | -             | 361.04 kB | 
default-node_modules_angular_common_fesm2022_common_mjs.js                                              | -             | 318.39 kB | 
default-node_modules_angular_common_fesm2022_http_mjs.js                                                | -             | 130.57 kB | 
default-node_modules_angular_platform-browser_fesm2022_platform-browser_mjs.js                          | bootstrap     |  93.74 kB | 
node_modules_angular_core_fesm2022_primitives_event-dispatch_mjs.js                                     | -             |  74.87 kB | 
default-node_modules_rxjs_dist_esm_internal_observable_of_js-node_modules_rxjs_dist_esm_inter-3042cc.js | -             |  63.53 kB | 
default-node_modules_rxjs_dist_esm_internal_Observable_js-node_modules_rxjs_dist_esm_internal-11fb61.js | -             |  32.16 kB | 
node_modules_angular_core_fesm2022_primitives_signals_mjs.js                                            | -             |  21.85 kB | 
common.js                                                                                               | common        |   6.73 kB | 
apps_resume_src_bootstrap_ts.js                                                                         | bootstrap     | 889 bytes | 
                                                                                                        | -             |   0 bytes | 
                                                                                                        | -             |   0 bytes | 
                                                                                                        | -             |   0 bytes | 

Build at: 2024-07-30T03:13:04.923Z - Hash: 6e17d1699e2e1a1e - Time: 5414ms

Warning: /Users/ngoctrong/Documents/ntrong2009/personal-website/apps/resume/src/app/remote-entry/entry.component.ts is part of the TypeScript compilation but it's unused.
Add only entry points to the 'files' or 'include' properties in your tsconfig.

Warning: /Users/ngoctrong/Documents/ntrong2009/personal-website/apps/resume/src/app/remote-entry/entry.routes.ts is part of the TypeScript compilation but it's unused.
Add only entry points to the 'files' or 'include' properties in your tsconfig.





 NX   Successfully ran target build for project resume
