
 NX   Running target build for project resume:

- resume



> nx run resume:build:development

- Generating browser application bundles (phase: setup)...
    TypeScript compiler options "target" and "useDefineForClassFields" are set to "ES2022" and "false" respectively by the Angular CLI. To control ECMA version and features use the Browserslist configuration. For more information, see https://angular.dev/tools/cli/build#configuring-browser-compatibility
    NOTE: You can set the "target" to "ES2022" in the project's tsconfig to remove this warning.
[ Module Federation Manifest Plugin ]: Manifest will use absolute path resolution via its host at runtime, reason: publicPath='auto'
✔ Browser application bundle generation complete.
✔ Browser application bundle generation complete.
- Copying assets...
✔ Copying assets complete.
- Generating index html...
✔ Index html generation complete.

Initial chunk files                                                                                     | Names         |  Raw size
polyfills.js                                                                                            | polyfills     | 304.58 kB | 
remoteEntry.mjs                                                                                         | resume        | 190.86 kB | 
vendor.js                                                                                               | vendor        | 161.23 kB | 
main.js                                                                                                 | main          |  30.46 kB | 
styles.css                                                                                              | styles        |   1.67 kB | 

                                                                                                        | Initial total | 688.81 kB

Lazy chunk files                                                                                        | Names         |  Raw size
node_modules_angular_core_fesm2022_core_mjs.js                                                          | -             |   1.56 MB | 
default-node_modules_angular_router_fesm2022_router_mjs.js                                              | -             | 361.04 kB | 
default-node_modules_angular_common_fesm2022_common_mjs.js                                              | -             | 318.39 kB | 
default-node_modules_angular_common_fesm2022_http_mjs.js                                                | -             | 130.57 kB | 
default-node_modules_angular_platform-browser_fesm2022_platform-browser_mjs.js                          | bootstrap     |  93.74 kB | 
node_modules_angular_core_fesm2022_primitives_event-dispatch_mjs.js                                     | -             |  74.87 kB | 
default-node_modules_rxjs_dist_esm_internal_observable_of_js-node_modules_rxjs_dist_esm_inter-3042cc.js | -             |  63.53 kB | 
default-node_modules_rxjs_dist_esm_internal_Observable_js-node_modules_rxjs_dist_esm_internal-11fb61.js | -             |  32.16 kB | 
node_modules_angular_core_fesm2022_primitives_signals_mjs.js                                            | -             |  21.85 kB | 
common.js                                                                                               | common        |   6.73 kB | 
apps_resume_src_bootstrap_ts.js                                                                         | bootstrap     | 889 bytes | 
                                                                                                        | -             |   0 bytes | 
                                                                                                        | -             |   0 bytes | 
                                                                                                        | -             |   0 bytes | 

Build at: 2024-07-30T04:02:54.092Z - Hash: f16a3874d7ef67e6 - Time: 3014ms

Warning: /Users/ngoctrong/Documents/ntrong2009/personal-website/apps/resume/src/app/remote-entry/entry.component.ts is part of the TypeScript compilation but it's unused.
Add only entry points to the 'files' or 'include' properties in your tsconfig.

Warning: /Users/ngoctrong/Documents/ntrong2009/personal-website/apps/resume/src/app/remote-entry/entry.routes.ts is part of the TypeScript compilation but it's unused.
Add only entry points to the 'files' or 'include' properties in your tsconfig.





 NX   Successfully ran target build for project resume


