[NX CLOUD] Verifying current cloud bundle
[NX CLOUD] A local bundle currently exists:  {
  version: '2407.29.8',
  fullPath: '/Users/ngoctrong/Documents/ntrong2009/personal-website/.nx/cache/cloud/2407.29.8'
}
[NX CLOUD] Last verification was within the past 30 minutes, will not verify this time
[NX CLOUD] Done:  /Users/ngoctrong/Documents/ntrong2009/personal-website/.nx/cache/cloud/2407.29.8

 NX   Running target build for project resume:

- resume



> nx run resume:build:development

- Generating browser application bundles (phase: setup)...
    TypeScript compiler options "target" and "useDefineForClassFields" are set to "ES2022" and "false" respectively by the Angular CLI. To control ECMA version and features use the Browserslist configuration. For more information, see https://angular.dev/tools/cli/build#configuring-browser-compatibility
    NOTE: You can set the "target" to "ES2022" in the project's tsconfig to remove this warning.
[ Module Federation Manifest Plugin ]: Manifest will use absolute path resolution via its host at runtime, reason: publicPath='auto'
<t> [webpack.cache.PackFileCacheStrategy] restore cache container: 584.547083 ms
<t> [webpack.cache.PackFileCacheStrategy] check build dependencies: 20.621333 ms
<t> [webpack.cache.PackFileCacheStrategy] restore cache content metadata: 3.497917 ms
    [webpack.cache.PackFileCacheStrategy] starting to restore cache content 0 (94.5 MiB) because of request to: ProgressPlugin|counts
    [webpack.cache.PackFileCacheStrategy] Deserialization of 'Compilation/modules|javascript/esm|/Users/ngoctrong/Documents/ntrong2009/personal-website/node_modules/@angular-devkit/build-angular/src/tools/babel/webpack-loader.js??ruleSet[1].rules[2].use[0]!/Users/ngoctrong/Documents/ntrong2009/personal-website/node_modules/source-map-loader/dist/cjs.js??ruleSet[1].rules[3]!/Users/ngoctrong/Documents/ntrong2009/personal-website/node_modules/@angular/core/fesm2022/core.mjs': 1.519625 ms
    [webpack.cache.PackFileCacheStrategy] Deserialization of 'Compilation/modules|javascript/esm|/Users/ngoctrong/Documents/ntrong2009/personal-website/node_modules/@angular-devkit/build-angular/src/tools/babel/webpack-loader.js??ruleSet[1].rules[2].use[0]!/Users/ngoctrong/Documents/ntrong2009/personal-website/node_modules/source-map-loader/dist/cjs.js??ruleSet[1].rules[3]!/Users/ngoctrong/Documents/ntrong2009/personal-website/node_modules/@angular/platform-browser/fesm2022/platform-browser.mjs': 1.167333 ms
    [webpack.cache.PackFileCacheStrategy] Deserialization of 'Compilation/modules|javascript/esm|/Users/ngoctrong/Documents/ntrong2009/personal-website/node_modules/@angular-devkit/build-angular/src/tools/babel/webpack-loader.js??ruleSet[1].rules[2].use[0]!/Users/ngoctrong/Documents/ntrong2009/personal-website/node_modules/source-map-loader/dist/cjs.js??ruleSet[1].rules[3]!/Users/ngoctrong/Documents/ntrong2009/personal-website/node_modules/@angular/router/fesm2022/router.mjs': 1.782708 ms
    [webpack.cache.PackFileCacheStrategy] Deserialization of 'Compilation/modules|javascript/esm|/Users/ngoctrong/Documents/ntrong2009/personal-website/node_modules/@angular-devkit/build-angular/src/tools/babel/webpack-loader.js??ruleSet[1].rules[2].use[0]!/Users/ngoctrong/Documents/ntrong2009/personal-website/node_modules/source-map-loader/dist/cjs.js??ruleSet[1].rules[3]!/Users/ngoctrong/Documents/ntrong2009/personal-website/node_modules/@angular/common/fesm2022/common.mjs': 1.002083 ms
<t> [webpack.cache.PackFileCacheStrategy] restore cache content 0 (94.5 MiB): 107.818958 ms
    [IdleFileCachePlugin] Initial cache was generated and cache will be persisted in 5s.
✔ Browser application bundle generation complete.
    [webpack.cache.PackFileCacheStrategy] Pack got invalid because of write to: Compilation/modules|javascript/dynamic|/Users/ngoctrong/Documents/ntrong2009/personal-website/node_modules/@angular-devkit/build-angular/src/tools/babel/webpack-loader.js??ruleSet[1].rules[2].use[0]!/Users/ngoctrong/Documents/ntrong2009/personal-website/node_modules/source-map-loader/dist/cjs.js??ruleSet[1].rules[3]!/Users/ngoctrong/Documents/ntrong2009/personal-website/node_modules/@nx/webpack/src/utils/module-federation/plugins/runtime-library-control.plugin.js
asset node_modules_angular_core_fesm2022_core_mjs.js 1.49 MiB {node_modules_angular_core_fesm2022_core_mjs} [emitted] [javascript module] 1 related asset
asset default-node_modules_angular_router_fesm2022_router_mjs.js 353 KiB {default-node_modules_angular_router_fesm2022_router_mjs} [emitted] [javascript module] (id hint: default) 1 related asset
asset default-node_modules_angular_common_fesm2022_common_mjs.js 311 KiB {default-node_modules_angular_common_fesm2022_common_mjs} [emitted] [javascript module] (id hint: default) 1 related asset
asset polyfills.js 297 KiB {polyfills} [emitted] [javascript module] (name: polyfills) 1 related asset
asset remoteEntry.mjs 186 KiB {resume} [emitted] [javascript module] (name: resume) 1 related asset
asset vendor.js 157 KiB {vendor} [emitted] [javascript module] (name: vendor) (id hint: defaultVendors) 1 related asset
asset default-node_modules_angular_common_fesm2022_http_mjs.js 128 KiB {default-node_modules_angular_common_fesm2022_http_mjs} [emitted] [javascript module] (id hint: default) 1 related asset
asset default-node_modules_angular_platform-browser_fesm2022_platform-browser_mjs.js 91.5 KiB {default-node_modules_angular_platform-browser_fesm2022_platform-browser_mjs} [emitted] [javascript module] (name: bootstrap) (id hint: default) 1 related asset
asset node_modules_angular_core_fesm2022_primitives_event-dispatch_mjs.js 73.1 KiB {node_modules_angular_core_fesm2022_primitives_event-dispatch_mjs} [emitted] [javascript module] 1 related asset
asset default-node_modules_rxjs_dist_esm_internal_observable_of_js-node_modules_rxjs_dist_esm_inter-3042cc.js 62 KiB {default-node_modules_rxjs_dist_esm_internal_observable_of_js-node_modules_rxjs_dist_esm_inter-3042cc} [emitted] [javascript module] (id hint: default) 1 related asset
asset default-node_modules_rxjs_dist_esm_internal_Observable_js-node_modules_rxjs_dist_esm_internal-11fb61.js 31.4 KiB {default-node_modules_rxjs_dist_esm_internal_Observable_js-node_modules_rxjs_dist_esm_internal-11fb61} [emitted] [javascript module] (id hint: default) 1 related asset
asset main.js 29.8 KiB {main} [emitted] [javascript module] (name: main) 1 related asset
asset node_modules_angular_core_fesm2022_primitives_signals_mjs.js 21.3 KiB {node_modules_angular_core_fesm2022_primitives_signals_mjs} [emitted] [javascript module] 1 related asset
asset common.js 6.58 KiB {common} [emitted] [javascript module] (name: common) (id hint: common) 1 related asset
+ 4 assets
Entrypoint resume 186 KiB (348 KiB) = remoteEntry.mjs 1 auxiliary asset
Entrypoint main 187 KiB (349 KiB) = vendor.js 157 KiB main.js 29.8 KiB 2 auxiliary assets
Entrypoint polyfills 297 KiB (579 KiB) = polyfills.js 1 auxiliary asset
Entrypoint styles 1.63 KiB (267 bytes) = styles.css 1 auxiliary asset
chunk {apps_resume_src_bootstrap_ts} (runtime: main) apps_resume_src_bootstrap_ts.js (bootstrap) 210 bytes
  cached modules 210 bytes [cached] 1 module
chunk {common} (runtime: main, resume) common.js (common) (id hint: common) 2.44 KiB split chunk (cache group: common) (name: common)
  cached modules 2.44 KiB [cached] 4 modules
chunk {default-node_modules_angular_common_fesm2022_common_mjs} (runtime: main, polyfills, resume, styles) default-node_modules_angular_common_fesm2022_common_mjs.js (id hint: default) 286 KiB split chunk (cache group: default)
  cached modules 286 KiB [cached] 2 modules
chunk {default-node_modules_angular_common_fesm2022_http_mjs} (runtime: main, polyfills, resume, styles) default-node_modules_angular_common_fesm2022_http_mjs.js (id hint: default) 117 KiB split chunk (cache group: default)
  cached modules 117 KiB [cached] 2 modules
chunk {default-node_modules_angular_platform-browser_fesm2022_platform-browser_mjs} (runtime: main, polyfills, resume, styles) default-node_modules_angular_platform-browser_fesm2022_platform-browser_mjs.js (bootstrap) (id hint: default) 42 bytes (consume-shared) 78.3 KiB (javascript) split chunk (cache group: default)
  cached modules 78.3 KiB (javascript) 42 bytes (consume-shared) [cached] 2 modules
chunk {default-node_modules_angular_router_fesm2022_router_mjs} (runtime: main, polyfills, resume, styles) default-node_modules_angular_router_fesm2022_router_mjs.js (id hint: default) 297 KiB split chunk (cache group: default)
  cached modules 297 KiB [cached] 30 modules
chunk {default-node_modules_rxjs_dist_esm_internal_Observable_js-node_modules_rxjs_dist_esm_internal-11fb61} (runtime: main, polyfills, resume, styles) default-node_modules_rxjs_dist_esm_internal_Observable_js-node_modules_rxjs_dist_esm_internal-11fb61.js (id hint: default) 16.1 KiB split chunk (cache group: default)
  cached modules 16.1 KiB [cached] 20 modules
chunk {default-node_modules_rxjs_dist_esm_internal_observable_of_js-node_modules_rxjs_dist_esm_inter-3042cc} (runtime: main, polyfills, resume, styles) default-node_modules_rxjs_dist_esm_internal_observable_of_js-node_modules_rxjs_dist_esm_inter-3042cc.js (id hint: default) 33.3 KiB split chunk (cache group: default)
  cached modules 33.3 KiB [cached] 30 modules
chunk {default-webpack_sharing_consume_default_angular_common_angular_common} (runtime: main, polyfills, resume, styles) (id hint: default) 42 bytes split chunk (cache group: default)
  cached modules 42 bytes [cached] 1 module
chunk {default-webpack_sharing_consume_default_angular_core_angular_core} (runtime: main, polyfills, resume, styles) (id hint: default) 42 bytes split chunk (cache group: default)
  cached modules 42 bytes [cached] 1 module
chunk {default-webpack_sharing_consume_default_angular_router_angular_router} (runtime: main, resume) (id hint: default) 42 bytes split chunk (cache group: default)
  cached modules 42 bytes [cached] 1 module
chunk {main} (runtime: main) main.js (main) 70 bytes (javascript) 252 bytes (share-init) 21.2 KiB (runtime) [entry]
  cached modules 252 bytes (share-init) 70 bytes (javascript) 17.4 KiB (runtime) [cached] 24 modules
  runtime modules 3.82 KiB 1 module
chunk {node_modules_angular_core_fesm2022_core_mjs} (runtime: main, polyfills, resume, styles) node_modules_angular_core_fesm2022_core_mjs.js 1.45 MiB (javascript) 84 bytes (consume-shared)
  cached modules 1.45 MiB (javascript) 84 bytes (consume-shared) [cached] 12 modules
chunk {node_modules_angular_core_fesm2022_primitives_event-dispatch_mjs} (runtime: main, polyfills, resume, styles) node_modules_angular_core_fesm2022_primitives_event-dispatch_mjs.js 71.5 KiB
  cached modules 71.5 KiB [cached] 1 module
chunk {node_modules_angular_core_fesm2022_primitives_signals_mjs} (runtime: main, polyfills, resume, styles) node_modules_angular_core_fesm2022_primitives_signals_mjs.js 19 KiB
  cached modules 19 KiB [cached] 1 module
chunk {polyfills} (runtime: polyfills) polyfills.js (polyfills) 267 KiB (javascript) 252 bytes (share-init) 19.2 KiB (runtime) [entry] [rendered]
  runtime modules 19.2 KiB 17 modules
  cached modules 265 KiB (javascript) 252 bytes (share-init) [cached] 14 modules
  dependent modules 2.1 KiB [dependent] 1 module
chunk {resume} (runtime: resume) remoteEntry.mjs (resume) 153 KiB (javascript) 252 bytes (share-init) 20.2 KiB (runtime) [entry] [rendered]
  runtime modules 20.2 KiB 17 modules
  cached modules 151 KiB (javascript) 252 bytes (share-init) [cached] 14 modules
  dependent modules 2.1 KiB [dependent] 1 module
chunk {styles} (runtime: styles) styles.css (styles) 50 bytes (javascript) 79 bytes (css/mini-extract) 252 bytes (share-init) 19.2 KiB (runtime) [entry]
  cached modules 252 bytes (share-init) 50 bytes (javascript) 79 bytes (css/mini-extract) 15.4 KiB (runtime) [cached] 24 modules
  runtime modules 3.82 KiB 1 module
chunk {vendor} (runtime: main) vendor.js (vendor) (id hint: defaultVendors) 153 KiB [initial] [rendered] split chunk (cache group: defaultVendors) (name: vendor)
  cached modules 151 KiB [cached] 7 modules
  dependent modules 2.1 KiB [dependent] 1 module
  

LOG from webpack.Compiler
<t> make hook: 327.244375 ms
<t> finish make hook: 3.637125 ms
<t> finish compilation: 38.389541 ms
<t> seal compilation: 201.437417 ms
<t> afterCompile hook: 0.111458 ms
<t> emitAssets: 23.089625 ms
<t> emitRecords: 0.036542 ms
<t> done hook: 0.083833 ms
<t> beginIdle: 0.204875 ms

LOG from webpack.Compilation
<t> compute affected modules: 0.150833 ms
<t> finish modules: 35.098334 ms
<t> report dependency errors and warnings: 2.581666 ms
<t> optimize dependencies: 1.689959 ms
<t> create chunks: 7.564542 ms
<t> compute affected modules with chunk graph: 0.069916 ms
<t> optimize: 14.438916 ms
    151 modules hashed, 0 from cache (0.57 variants per module in average)
<t> module hashing: 6.924 ms
    1% code generated (1 generated, 116 from cache)
<t> code generation: 2.009 ms
<t> runtime requirements.modules: 0.761209 ms
<t> runtime requirements.chunks: 0.336583 ms
<t> runtime requirements.entries: 2.860208 ms
<t> runtime requirements: 4.105666 ms
<t> hashing: initialize hash: 0.005583 ms
<t> hashing: hash warnings: 0.001834 ms
<t> hashing: sort chunks: 0.157875 ms
<t> hashing: hash runtime modules: 6.690872 ms
<t> hashing: hash chunks: 2.482542 ms
<t> hashing: hash digest: 0.028541 ms
<t> hashing: process full hash modules: 0.001208 ms
<t> hashing: 9.702375 ms
    6% code generated (4 generated, 65 from cache)
<t> record hash: 0.027875 ms
<t> module assets: 0.219 ms
<t> create chunk assets: 4.268666 ms
<t> process assets: 148.676833 ms

LOG from webpack.ResolverCachePlugin
    0% really resolved (0 real resolves with 0 cached but invalid, 2606 cached valid, 0 concurrent)

LOG from webpack.FlagDependencyExportsPlugin
<t> restore cached provided exports: 1.889667 ms
<t> figure out provided exports: 3.524542 ms
    2% of exports of modules have been determined (17 no declared exports, 5 not cached, 1 flagged uncacheable, 242 from cache, 0 from mem cache, 0 additional calculations due to dependencies)
<t> store provided exports into cache: 0.099833 ms

LOG from webpack.SideEffectsFlagPlugin
<t> update dependencies: 1.540166 ms

LOG from webpack.buildChunkGraph
<t> visitModules: prepare: 0.36596 ms
<t> visitModules: visiting: 1.447291 ms
<t> visitModules: calculating available modules: 0.1855 ms
<t> visitModules: merging available modules: 0.033584 ms
<t> visitModules: check modules for revisit: 0.06275 ms
<t> visitModules: prepare: 1.010249 ms
<t> visitModules: visiting: 1.777375 ms
<t> visitModules: calculating available modules: 0.102459 ms
<t> visitModules: merging available modules: 0.0105 ms
<t> visitModules: check modules for revisit: 0.001791 ms
<t> visitModules: prepare: 0.561413 ms
<t> visitModules: visiting: 0.927417 ms
<t> visitModules: calculating available modules: 0.076041 ms
<t> visitModules: merging available modules: 0.003792 ms
<t> visitModules: visiting: 0.004292 ms
    981 queue items processed (459 blocks)
    44 chunk groups connected
    18 chunk groups processed for merging (44 module sets, 0 forked, 0 + 0 modules forked, 0 + 0 modules merged into fork, 0 resulting modules)
    14 chunk group info updated (0 already connected chunk groups reconnected)
<t> visitModules: 5.34675 ms
<t> connectChunkGroups: 0.263291 ms
<t> cleanup: 0.024875 ms

LOG from webpack.SplitChunksPlugin
<t> prepare: 0.022 ms
<t> modules: 3.10925 ms
<t> queue: 3.940833 ms
<t> maxSize: 0.133417 ms

LOG from webpack.FileSystemInfo
    1 new snapshots created
    27% root snapshot uncached (774 / 2856)
    16% children snapshot uncached (402 / 2453)
    1239 entries tested
    File info in cache: 189 timestamps 0 hashes 0 timestamp hash combinations
    Directory info in cache: 0 timestamps 0 hashes 0 timestamp hash combinations
    Managed items info in cache: 67 items
    Managed items snapshot optimization: 0% (0/1) entries shared via 0 shared snapshots (0 times referenced)
    Managed files snapshot optimization: 0% (0/2) entries shared via 0 shared snapshots (0 times referenced)

WARNING in /Users/ngoctrong/Documents/ntrong2009/personal-website/apps/resume/src/app/remote-entry/entry.component.ts is part of the TypeScript compilation but it's unused.
Add only entry points to the 'files' or 'include' properties in your tsconfig.
Error: /Users/ngoctrong/Documents/ntrong2009/personal-website/apps/resume/src/app/remote-entry/entry.component.ts is part of the TypeScript compilation but it's unused.
Add only entry points to the 'files' or 'include' properties in your tsconfig.
    at addWarning (/Users/ngoctrong/Documents/ntrong2009/personal-website/node_modules/@ngtools/webpack/src/ivy/diagnostics.js:28:31)
    at /Users/ngoctrong/Documents/ntrong2009/personal-website/node_modules/@ngtools/webpack/src/ivy/plugin.js:220:46
    at processTicksAndRejections (node:internal/process/task_queues:95:5)

WARNING in /Users/ngoctrong/Documents/ntrong2009/personal-website/apps/resume/src/app/remote-entry/entry.routes.ts is part of the TypeScript compilation but it's unused.
Add only entry points to the 'files' or 'include' properties in your tsconfig.
Error: /Users/ngoctrong/Documents/ntrong2009/personal-website/apps/resume/src/app/remote-entry/entry.routes.ts is part of the TypeScript compilation but it's unused.
Add only entry points to the 'files' or 'include' properties in your tsconfig.
    at addWarning (/Users/ngoctrong/Documents/ntrong2009/personal-website/node_modules/@ngtools/webpack/src/ivy/diagnostics.js:28:31)
    at /Users/ngoctrong/Documents/ntrong2009/personal-website/node_modules/@ngtools/webpack/src/ivy/plugin.js:220:46
    at processTicksAndRejections (node:internal/process/task_queues:95:5)

2024-07-30 10:13:33: webpack 5.92.1 compiled in 1126 ms (0ef9cd86d7008abe)
    [webpack.cache.PackFileCacheStrategy] Storing pack...
    [webpack.cache.PackFileCacheStrategy] 16 fresh items in cache put into pack 1
    [webpack.cache.PackFileCacheStrategy] Split pack 0 into pack 0 with 1240 used items and pack 2 with 53 unused items
<w> [webpack.cache.PackFileCacheStrategy] Skipped not serializable cache item: No serializer registered for ConstDependency
<w> while serializing webpack/lib/cache/PackFileCacheStrategy.PackContentItems -> webpack/lib/NormalModule -> Array { 3 items } -> ConstDependency
    [webpack.cache.PackFileCacheStrategy] Skipped not serializable cache item 'Compilation/modules|javascript/dynamic|/Users/ngoctrong/Documents/ntrong2009/personal-website/node_modules/@angular-devkit/build-angular/src/tools/babel/webpack-loader.js??ruleSet[1].rules[2].use[0]!/Users/ngoctrong/Documents/ntrong2009/personal-website/node_modules/source-map-loader/dist/cjs.js??ruleSet[1].rules[3]!/Users/ngoctrong/Documents/ntrong2009/personal-website/node_modules/@nx/webpack/src/utils/module-federation/plugins/runtime-library-control.plugin.js': Error: No serializer registered for ConstDependency
    while serializing webpack/lib/cache/PackFileCacheStrategy.PackContentItems -> webpack/lib/NormalModule -> Array { 3 items } -> ConstDependency
        at Function.getSerializerFor (/Users/ngoctrong/Documents/ntrong2009/personal-website/node_modules/@angular-devkit/build-angular/node_modules/webpack/lib/serialization/ObjectMiddleware.js:258:22)
        at process (/Users/ngoctrong/Documents/ntrong2009/personal-website/node_modules/@angular-devkit/build-angular/node_modules/webpack/lib/serialization/ObjectMiddleware.js:499:23)
        at Object.write (/Users/ngoctrong/Documents/ntrong2009/personal-website/node_modules/@angular-devkit/build-angular/node_modules/webpack/lib/serialization/ObjectMiddleware.js:421:6)
        at ArraySerializer.serialize (/Users/ngoctrong/Documents/ntrong2009/personal-website/node_modules/@angular-devkit/build-angular/node_modules/webpack/lib/serialization/ArraySerializer.js:18:37)
        at process (/Users/ngoctrong/Documents/ntrong2009/personal-website/node_modules/@angular-devkit/build-angular/node_modules/webpack/lib/serialization/ObjectMiddleware.js:514:17)
        at write (/Users/ngoctrong/Documents/ntrong2009/personal-website/node_modules/@angular-devkit/build-angular/node_modules/webpack/lib/serialization/ObjectMiddleware.js:421:6)
        at NormalModule.serialize (/Users/ngoctrong/Documents/ntrong2009/personal-website/node_modules/@angular-devkit/build-angular/node_modules/webpack/lib/Module.js:1078:3)
        at NormalModule.serialize (/Users/ngoctrong/Documents/ntrong2009/personal-website/node_modules/@angular-devkit/build-angular/node_modules/webpack/lib/NormalModule.js:1535:9)
        at ClassSerializer.serialize (/Users/ngoctrong/Documents/ntrong2009/personal-website/node_modules/@angular-devkit/build-angular/node_modules/webpack/lib/util/makeSerializable.js:17:7)
        at process (/Users/ngoctrong/Documents/ntrong2009/personal-website/node_modules/@angular-devkit/build-angular/node_modules/webpack/lib/serialization/ObjectMiddleware.js:514:17)
        at write (/Users/ngoctrong/Documents/ntrong2009/personal-website/node_modules/@angular-devkit/build-angular/node_modules/webpack/lib/serialization/ObjectMiddleware.js:421:6)
        at PackContentItems.serialize (/Users/ngoctrong/Documents/ntrong2009/personal-website/node_modules/@angular-devkit/build-angular/node_modules/webpack/lib/cache/PackFileCacheStrategy.js:666:6)
        at ClassSerializer.serialize (/Users/ngoctrong/Documents/ntrong2009/personal-website/node_modules/@angular-devkit/build-angular/node_modules/webpack/lib/util/makeSerializable.js:17:7)
        at process (/Users/ngoctrong/Documents/ntrong2009/personal-website/node_modules/@angular-devkit/build-angular/node_modules/webpack/lib/serialization/ObjectMiddleware.js:514:17)
        at ObjectMiddleware.serialize (/Users/ngoctrong/Documents/ntrong2009/personal-website/node_modules/@angular-devkit/build-angular/node_modules/webpack/lib/serialization/ObjectMiddleware.js:573:5)
        at /Users/ngoctrong/Documents/ntrong2009/personal-website/node_modules/@angular-devkit/build-angular/node_modules/webpack/lib/serialization/ObjectMiddleware.js:559:12
        at /Users/ngoctrong/Documents/ntrong2009/personal-website/node_modules/@angular-devkit/build-angular/node_modules/webpack/lib/serialization/SerializerMiddleware.js:106:11
        at /Users/ngoctrong/Documents/ntrong2009/personal-website/node_modules/@angular-devkit/build-angular/node_modules/webpack/lib/util/memoize.js:22:13
        at /Users/ngoctrong/Documents/ntrong2009/personal-website/node_modules/@angular-devkit/build-angular/node_modules/webpack/lib/serialization/SerializerMiddleware.js:102:14
        at /Users/ngoctrong/Documents/ntrong2009/personal-website/node_modules/@angular-devkit/build-angular/node_modules/webpack/lib/util/memoize.js:22:13
        at serialize (/Users/ngoctrong/Documents/ntrong2009/personal-website/node_modules/@angular-devkit/build-angular/node_modules/webpack/lib/serialization/FileMiddleware.js:129:21)
    [webpack.cache.PackFileCacheStrategy] Serialization of 'Compilation/assets|chunkresume': 1.145417 ms
    [webpack.cache.PackFileCacheStrategy] Serialization of 'Compilation/assets|chunkpolyfills': 1.330375 ms
    [webpack.cache.PackFileCacheStrategy] Serialization of 'SourceMapDevToolPlugin|remoteEntry.mjs': 1.067667 ms
    [webpack.cache.PackFileCacheStrategy] Serialization of 'SourceMapDevToolPlugin|polyfills.js': 1.560666 ms
    [webpack.cache.PackFileCacheStrategy] Serialization of 'Compilation/modules|javascript/esm|/Users/ngoctrong/Documents/ntrong2009/personal-website/node_modules/@angular-devkit/build-angular/src/tools/babel/webpack-loader.js??ruleSet[1].rules[2].use[0]!/Users/ngoctrong/Documents/ntrong2009/personal-website/node_modules/source-map-loader/dist/cjs.js??ruleSet[1].rules[3]!/Users/ngoctrong/Documents/ntrong2009/personal-website/node_modules/@angular/router/fesm2022/router.mjs': 1.554375 ms
    [webpack.cache.PackFileCacheStrategy] Serialization of 'Compilation/modules|javascript/esm|/Users/ngoctrong/Documents/ntrong2009/personal-website/node_modules/@angular-devkit/build-angular/src/tools/babel/webpack-loader.js??ruleSet[1].rules[2].use[0]!/Users/ngoctrong/Documents/ntrong2009/personal-website/node_modules/source-map-loader/dist/cjs.js??ruleSet[1].rules[3]!/Users/ngoctrong/Documents/ntrong2009/personal-website/node_modules/@angular/common/fesm2022/common.mjs': 1.024791 ms
    [webpack.cache.PackFileCacheStrategy] Serialization of 'Compilation/modules|/Users/ngoctrong/Documents/ntrong2009/personal-website/node_modules/@angular-devkit/build-angular/src/tools/babel/webpack-loader.js??ruleSet[1].rules[2].use[0]!/Users/ngoctrong/Documents/ntrong2009/personal-website/node_modules/source-map-loader/dist/cjs.js??ruleSet[1].rules[3]!/Users/ngoctrong/Documents/ntrong2009/personal-website/node_modules/rxjs/dist/esm/internal/observable/timer.js': 2.023042 ms
<t> [webpack.cache.PackFileCacheStrategy] store pack: 160.903875 ms
    [webpack.cache.PackFileCacheStrategy] Stored pack (1309 items, 3 files, 97 MiB)
✔ Browser application bundle generation complete.
- Copying assets...
✔ Copying assets complete.
- Generating index html...
✔ Index html generation complete.

Initial chunk files                                                                                     | Names         |  Raw size
polyfills.js                                                                                            | polyfills     | 304.58 kB | 
remoteEntry.mjs                                                                                         | resume        | 190.86 kB | 
vendor.js                                                                                               | vendor        | 161.23 kB | 
main.js                                                                                                 | main          |  30.46 kB | 
styles.css                                                                                              | styles        |   1.67 kB | 

                                                                                                        | Initial total | 688.81 kB

Lazy chunk files                                                                                        | Names         |  Raw size
node_modules_angular_core_fesm2022_core_mjs.js                                                          | -             |   1.56 MB | 
default-node_modules_angular_router_fesm2022_router_mjs.js                                              | -             | 361.04 kB | 
default-node_modules_angular_common_fesm2022_common_mjs.js                                              | -             | 318.39 kB | 
default-node_modules_angular_common_fesm2022_http_mjs.js                                                | -             | 130.57 kB | 
default-node_modules_angular_platform-browser_fesm2022_platform-browser_mjs.js                          | bootstrap     |  93.74 kB | 
node_modules_angular_core_fesm2022_primitives_event-dispatch_mjs.js                                     | -             |  74.87 kB | 
default-node_modules_rxjs_dist_esm_internal_observable_of_js-node_modules_rxjs_dist_esm_inter-3042cc.js | -             |  63.53 kB | 
default-node_modules_rxjs_dist_esm_internal_Observable_js-node_modules_rxjs_dist_esm_internal-11fb61.js | -             |  32.16 kB | 
node_modules_angular_core_fesm2022_primitives_signals_mjs.js                                            | -             |  21.85 kB | 
common.js                                                                                               | common        |   6.73 kB | 
apps_resume_src_bootstrap_ts.js                                                                         | bootstrap     | 889 bytes | 
                                                                                                        | -             |   0 bytes | 
                                                                                                        | -             |   0 bytes | 
                                                                                                        | -             |   0 bytes | 

Build at: 2024-07-30T03:13:33.640Z - Hash: 0ef9cd86d7008abe - Time: 1364ms

Warning: /Users/ngoctrong/Documents/ntrong2009/personal-website/apps/resume/src/app/remote-entry/entry.component.ts is part of the TypeScript compilation but it's unused.
Add only entry points to the 'files' or 'include' properties in your tsconfig.

Warning: /Users/ngoctrong/Documents/ntrong2009/personal-website/apps/resume/src/app/remote-entry/entry.routes.ts is part of the TypeScript compilation but it's unused.
Add only entry points to the 'files' or 'include' properties in your tsconfig.





 NX   Successfully ran target build for project resume
